2019/01/26 13:48:25 [error] [exception.CHttpException.404] CHttpException: The system is unable to find the requested action "index?r=gii". in /var/www/html/yii_test/yii/framework/web/CController.php:486
Stack trace:
#0 /var/www/html/yii_test/yii/framework/web/CController.php(270): CController->missingAction('index?r=gii')
#1 /var/www/html/yii_test/yii/framework/web/CWebApplication.php(282): CController->run('index?r=gii')
#2 /var/www/html/yii_test/yii/framework/web/CWebApplication.php(141): CWebApplication->runController('site/index?r=gi...')
#3 /var/www/html/yii_test/yii/framework/base/CApplication.php(185): CWebApplication->processRequest()
#4 /var/www/html/test_yii/index.php(13): CApplication->run()
#5 {main}
REQUEST_URI=/test_yii/index.php?r=site/index?r=gii
---
2019/01/26 13:49:50 [error] [exception.CHttpException.404] CHttpException: The system is unable to find the requested action "index?r=gii". in /var/www/html/yii_test/yii/framework/web/CController.php:486
Stack trace:
#0 /var/www/html/yii_test/yii/framework/web/CController.php(270): CController->missingAction('index?r=gii')
#1 /var/www/html/yii_test/yii/framework/web/CWebApplication.php(282): CController->run('index?r=gii')
#2 /var/www/html/yii_test/yii/framework/web/CWebApplication.php(141): CWebApplication->runController('site/index?r=gi...')
#3 /var/www/html/yii_test/yii/framework/base/CApplication.php(185): CWebApplication->processRequest()
#4 /var/www/html/test_yii/index.php(13): CApplication->run()
#5 {main}
REQUEST_URI=/test_yii/index.php?r=site/index?r=gii
---
2019/01/26 13:49:52 [error] [exception.CHttpException.404] CHttpException: The system is unable to find the requested action "index?r=gii". in /var/www/html/yii_test/yii/framework/web/CController.php:486
Stack trace:
#0 /var/www/html/yii_test/yii/framework/web/CController.php(270): CController->missingAction('index?r=gii')
#1 /var/www/html/yii_test/yii/framework/web/CWebApplication.php(282): CController->run('index?r=gii')
#2 /var/www/html/yii_test/yii/framework/web/CWebApplication.php(141): CWebApplication->runController('site/index?r=gi...')
#3 /var/www/html/yii_test/yii/framework/base/CApplication.php(185): CWebApplication->processRequest()
#4 /var/www/html/test_yii/index.php(13): CApplication->run()
#5 {main}
REQUEST_URI=/test_yii/index.php?r=site/index?r=gii
---
2019/01/26 13:53:08 [error] [exception.CDbException] CDbException: CDbConnection failed to open the DB connection: could not find driver in /var/www/html/yii_test/yii/framework/db/CDbConnection.php:399
Stack trace:
#0 /var/www/html/yii_test/yii/framework/db/CDbConnection.php(347): CDbConnection->open()
#1 /var/www/html/yii_test/yii/framework/db/CDbConnection.php(325): CDbConnection->setActive(true)
#2 /var/www/html/yii_test/yii/framework/base/CModule.php(394): CDbConnection->init()
#3 /var/www/html/yii_test/yii/framework/base/CModule.php(103): CModule->getComponent('db')
#4 /var/www/html/yii_test/yii/framework/gii/generators/model/ModelCode.php(60): CModule->__get('db')
#5 /var/www/html/yii_test/yii/framework/web/CFormModel.php(39): ModelCode->init()
#6 /var/www/html/yii_test/yii/framework/gii/CCodeGenerator.php(153): CFormModel->__construct()
#7 /var/www/html/yii_test/yii/framework/gii/CCodeGenerator.php(63): CCodeGenerator->prepare()
#8 /var/www/html/yii_test/yii/framework/web/actions/CInlineAction.php(49): CCodeGenerator->actionIndex()
#9 /var/www/html/yii_test/yii/framework/web/CController.php(308): CInlineAction->runWithParams(Array)
#10 /var/www/html/yii_test/yii/framework/web/CController.php(286): CController->runAction(Object(CInlineAction))
#11 /var/www/html/yii_test/yii/framework/web/CController.php(265): CController->runActionWithFilters(Object(CInlineAction), Array)
#12 /var/www/html/yii_test/yii/framework/web/CWebApplication.php(282): CController->run('index')
#13 /var/www/html/yii_test/yii/framework/web/CWebApplication.php(141): CWebApplication->runController('gii/model/index')
#14 /var/www/html/yii_test/yii/framework/base/CApplication.php(185): CWebApplication->processRequest()
#15 /var/www/html/test_yii/index.php(13): CApplication->run()
#16 {main}
REQUEST_URI=/test_yii/index.php?r=gii/model/index
HTTP_REFERER=http://localhost/test_yii/index.php?r=gii/controller/index
---
2019/01/26 14:30:17 [error] [system.db.CDbCommand] CDbCommand::fetchAll() failed: SQLSTATE[42S02]: Base table or view not found: 1146 Table 'yii_test.tbl_migration' doesn't exist. The SQL statement executed was: SHOW FULL COLUMNS FROM `tbl_migration`.
2019/01/26 14:32:20 [error] [system.db.CDbCommand] CDbCommand::execute() failed: SQLSTATE[42S01]: Base table or view already exists: 1050 Table 'orders' already exists. The SQL statement executed was: CREATE TABLE `orders` (
	`id` int(11) NOT NULL AUTO_INCREMENT PRIMARY KEY,
	`user_id` int(11) unsigned NOT NULL,
	`order_number` varchar(255),
	`summa` decimal(19,4),
	`status` int(11),
	`date_create` timestamp,
	`last_status_change` datetime
).
2019/01/26 14:32:20 [error] [exception.CDbException] CDbException: CDbCommand failed to execute the SQL statement: SQLSTATE[42S01]: Base table or view already exists: 1050 Table 'orders' already exists. The SQL statement executed was: CREATE TABLE `orders` (
	`id` int(11) NOT NULL AUTO_INCREMENT PRIMARY KEY,
	`user_id` int(11) unsigned NOT NULL,
	`order_number` varchar(255),
	`summa` decimal(19,4),
	`status` int(11),
	`date_create` timestamp,
	`last_status_change` datetime
) in /var/www/html/yii_test/yii/framework/db/CDbCommand.php:358
Stack trace:
#0 /var/www/html/yii_test/yii/framework/db/CDbCommand.php(1352): CDbCommand->execute()
#1 /var/www/html/yii_test/yii/framework/db/CDbMigration.php(250): CDbCommand->createTable('orders', Array, NULL)
#2 /var/www/html/test_yii/protected/migrations/m190126_102318_create_user_table.php(8): CDbMigration->createTable('orders', Array)
#3 /var/www/html/yii_test/yii/framework/cli/commands/MigrateCommand.php(415): m190126_102318_create_user_table->up()
#4 /var/www/html/yii_test/yii/framework/cli/commands/MigrateCommand.php(109): MigrateCommand->migrateUp('m190126_102318_...')
#5 [internal function]: MigrateCommand->actionUp(Array)
#6 /var/www/html/yii_test/yii/framework/console/CConsoleCommand.php(172): ReflectionMethod->invokeArgs(Object(MigrateCommand), Array)
#7 /var/www/html/yii_test/yii/framework/console/CConsoleCommandRunner.php(71): CConsoleCommand->run(Array)
#8 /var/www/html/yii_test/yii/framework/console/CConsoleApplication.php(92): CConsoleCommandRunner->run(Array)
#9 /var/www/html/yii_test/yii/framework/base/CApplication.php(185): CConsoleApplication->processRequest()
#10 /var/www/html/yii_test/yii/framework/yiic.php(33): CApplication->run()
#11 /var/www/html/test_yii/protected/yiic.php(7): require_once('/var/www/html/y...')
#12 /var/www/html/test_yii/protected/yiic(4): require_once('/var/www/html/t...')
#13 {main}
---
2019/01/26 14:33:12 [error] [system.db.CDbCommand] CDbCommand::fetchAll() failed: SQLSTATE[42S02]: Base table or view not found: 1146 Table 'yii_test.tbl_migration' doesn't exist. The SQL statement executed was: SHOW FULL COLUMNS FROM `tbl_migration`.
2019/01/26 14:34:04 [error] [system.db.CDbCommand] CDbCommand::fetchAll() failed: SQLSTATE[42S02]: Base table or view not found: 1146 Table 'yii_test.tbl_migration' doesn't exist. The SQL statement executed was: SHOW FULL COLUMNS FROM `tbl_migration`.
2019/01/26 14:40:03 [error] [system.db.CDbCommand] CDbCommand::fetchAll() failed: SQLSTATE[42S02]: Base table or view not found: 1146 Table 'yii_test.tbl_migration' doesn't exist. The SQL statement executed was: SHOW FULL COLUMNS FROM `tbl_migration`.
2019/01/26 14:40:26 [error] [system.db.CDbCommand] CDbCommand::fetchAll() failed: SQLSTATE[42S02]: Base table or view not found: 1146 Table 'yii_test.tbl_migration' doesn't exist. The SQL statement executed was: SHOW FULL COLUMNS FROM `tbl_migration`.
2019/01/26 14:43:29 [error] [exception.CException] CException: SiteController cannot find the requested view "registration". in /var/www/html/yii_test/yii/framework/web/CController.php:881
Stack trace:
#0 /var/www/html/yii_test/yii/framework/web/CController.php(785): CController->renderPartial('registration', NULL, true)
#1 /var/www/html/test_yii/protected/controllers/SiteController.php(32): CController->render('registration')
#2 /var/www/html/yii_test/yii/framework/web/actions/CInlineAction.php(49): SiteController->actionIndex()
#3 /var/www/html/yii_test/yii/framework/web/CController.php(308): CInlineAction->runWithParams(Array)
#4 /var/www/html/yii_test/yii/framework/web/CController.php(286): CController->runAction(Object(CInlineAction))
#5 /var/www/html/yii_test/yii/framework/web/CController.php(265): CController->runActionWithFilters(Object(CInlineAction), Array)
#6 /var/www/html/yii_test/yii/framework/web/CWebApplication.php(282): CController->run('')
#7 /var/www/html/yii_test/yii/framework/web/CWebApplication.php(141): CWebApplication->runController('')
#8 /var/www/html/yii_test/yii/framework/base/CApplication.php(185): CWebApplication->processRequest()
#9 /var/www/html/test_yii/index.php(13): CApplication->run()
#10 {main}
REQUEST_URI=/test_yii/
---
2019/01/26 14:43:51 [error] [exception.CException] CException: SiteController cannot find the requested view "registration". in /var/www/html/yii_test/yii/framework/web/CController.php:881
Stack trace:
#0 /var/www/html/yii_test/yii/framework/web/CController.php(785): CController->renderPartial('registration', NULL, true)
#1 /var/www/html/test_yii/protected/controllers/SiteController.php(32): CController->render('registration')
#2 /var/www/html/yii_test/yii/framework/web/actions/CInlineAction.php(49): SiteController->actionIndex()
#3 /var/www/html/yii_test/yii/framework/web/CController.php(308): CInlineAction->runWithParams(Array)
#4 /var/www/html/yii_test/yii/framework/web/CController.php(286): CController->runAction(Object(CInlineAction))
#5 /var/www/html/yii_test/yii/framework/web/CController.php(265): CController->runActionWithFilters(Object(CInlineAction), Array)
#6 /var/www/html/yii_test/yii/framework/web/CWebApplication.php(282): CController->run('')
#7 /var/www/html/yii_test/yii/framework/web/CWebApplication.php(141): CWebApplication->runController('')
#8 /var/www/html/yii_test/yii/framework/base/CApplication.php(185): CWebApplication->processRequest()
#9 /var/www/html/test_yii/index.php(13): CApplication->run()
#10 {main}
REQUEST_URI=/test_yii/
---
2019/01/26 14:43:53 [error] [exception.CException] CException: SiteController cannot find the requested view "registration". in /var/www/html/yii_test/yii/framework/web/CController.php:881
Stack trace:
#0 /var/www/html/yii_test/yii/framework/web/CController.php(785): CController->renderPartial('registration', NULL, true)
#1 /var/www/html/test_yii/protected/controllers/SiteController.php(32): CController->render('registration')
#2 /var/www/html/yii_test/yii/framework/web/actions/CInlineAction.php(49): SiteController->actionIndex()
#3 /var/www/html/yii_test/yii/framework/web/CController.php(308): CInlineAction->runWithParams(Array)
#4 /var/www/html/yii_test/yii/framework/web/CController.php(286): CController->runAction(Object(CInlineAction))
#5 /var/www/html/yii_test/yii/framework/web/CController.php(265): CController->runActionWithFilters(Object(CInlineAction), Array)
#6 /var/www/html/yii_test/yii/framework/web/CWebApplication.php(282): CController->run('')
#7 /var/www/html/yii_test/yii/framework/web/CWebApplication.php(141): CWebApplication->runController('')
#8 /var/www/html/yii_test/yii/framework/base/CApplication.php(185): CWebApplication->processRequest()
#9 /var/www/html/test_yii/index.php(13): CApplication->run()
#10 {main}
REQUEST_URI=/test_yii/
---
2019/01/26 14:43:53 [error] [exception.CException] CException: SiteController cannot find the requested view "registration". in /var/www/html/yii_test/yii/framework/web/CController.php:881
Stack trace:
#0 /var/www/html/yii_test/yii/framework/web/CController.php(785): CController->renderPartial('registration', NULL, true)
#1 /var/www/html/test_yii/protected/controllers/SiteController.php(32): CController->render('registration')
#2 /var/www/html/yii_test/yii/framework/web/actions/CInlineAction.php(49): SiteController->actionIndex()
#3 /var/www/html/yii_test/yii/framework/web/CController.php(308): CInlineAction->runWithParams(Array)
#4 /var/www/html/yii_test/yii/framework/web/CController.php(286): CController->runAction(Object(CInlineAction))
#5 /var/www/html/yii_test/yii/framework/web/CController.php(265): CController->runActionWithFilters(Object(CInlineAction), Array)
#6 /var/www/html/yii_test/yii/framework/web/CWebApplication.php(282): CController->run('')
#7 /var/www/html/yii_test/yii/framework/web/CWebApplication.php(141): CWebApplication->runController('')
#8 /var/www/html/yii_test/yii/framework/base/CApplication.php(185): CWebApplication->processRequest()
#9 /var/www/html/test_yii/index.php(13): CApplication->run()
#10 {main}
REQUEST_URI=/test_yii/
---
2019/01/26 14:43:54 [error] [exception.CException] CException: SiteController cannot find the requested view "registration". in /var/www/html/yii_test/yii/framework/web/CController.php:881
Stack trace:
#0 /var/www/html/yii_test/yii/framework/web/CController.php(785): CController->renderPartial('registration', NULL, true)
#1 /var/www/html/test_yii/protected/controllers/SiteController.php(32): CController->render('registration')
#2 /var/www/html/yii_test/yii/framework/web/actions/CInlineAction.php(49): SiteController->actionIndex()
#3 /var/www/html/yii_test/yii/framework/web/CController.php(308): CInlineAction->runWithParams(Array)
#4 /var/www/html/yii_test/yii/framework/web/CController.php(286): CController->runAction(Object(CInlineAction))
#5 /var/www/html/yii_test/yii/framework/web/CController.php(265): CController->runActionWithFilters(Object(CInlineAction), Array)
#6 /var/www/html/yii_test/yii/framework/web/CWebApplication.php(282): CController->run('')
#7 /var/www/html/yii_test/yii/framework/web/CWebApplication.php(141): CWebApplication->runController('')
#8 /var/www/html/yii_test/yii/framework/base/CApplication.php(185): CWebApplication->processRequest()
#9 /var/www/html/test_yii/index.php(13): CApplication->run()
#10 {main}
REQUEST_URI=/test_yii/
---
2019/01/26 14:43:54 [error] [exception.CException] CException: SiteController cannot find the requested view "registration". in /var/www/html/yii_test/yii/framework/web/CController.php:881
Stack trace:
#0 /var/www/html/yii_test/yii/framework/web/CController.php(785): CController->renderPartial('registration', NULL, true)
#1 /var/www/html/test_yii/protected/controllers/SiteController.php(32): CController->render('registration')
#2 /var/www/html/yii_test/yii/framework/web/actions/CInlineAction.php(49): SiteController->actionIndex()
#3 /var/www/html/yii_test/yii/framework/web/CController.php(308): CInlineAction->runWithParams(Array)
#4 /var/www/html/yii_test/yii/framework/web/CController.php(286): CController->runAction(Object(CInlineAction))
#5 /var/www/html/yii_test/yii/framework/web/CController.php(265): CController->runActionWithFilters(Object(CInlineAction), Array)
#6 /var/www/html/yii_test/yii/framework/web/CWebApplication.php(282): CController->run('')
#7 /var/www/html/yii_test/yii/framework/web/CWebApplication.php(141): CWebApplication->runController('')
#8 /var/www/html/yii_test/yii/framework/base/CApplication.php(185): CWebApplication->processRequest()
#9 /var/www/html/test_yii/index.php(13): CApplication->run()
#10 {main}
REQUEST_URI=/test_yii/
---
2019/01/26 14:43:54 [error] [exception.CException] CException: SiteController cannot find the requested view "registration". in /var/www/html/yii_test/yii/framework/web/CController.php:881
Stack trace:
#0 /var/www/html/yii_test/yii/framework/web/CController.php(785): CController->renderPartial('registration', NULL, true)
#1 /var/www/html/test_yii/protected/controllers/SiteController.php(32): CController->render('registration')
#2 /var/www/html/yii_test/yii/framework/web/actions/CInlineAction.php(49): SiteController->actionIndex()
#3 /var/www/html/yii_test/yii/framework/web/CController.php(308): CInlineAction->runWithParams(Array)
#4 /var/www/html/yii_test/yii/framework/web/CController.php(286): CController->runAction(Object(CInlineAction))
#5 /var/www/html/yii_test/yii/framework/web/CController.php(265): CController->runActionWithFilters(Object(CInlineAction), Array)
#6 /var/www/html/yii_test/yii/framework/web/CWebApplication.php(282): CController->run('')
#7 /var/www/html/yii_test/yii/framework/web/CWebApplication.php(141): CWebApplication->runController('')
#8 /var/www/html/yii_test/yii/framework/base/CApplication.php(185): CWebApplication->processRequest()
#9 /var/www/html/test_yii/index.php(13): CApplication->run()
#10 {main}
REQUEST_URI=/test_yii/
---
2019/01/26 14:44:03 [error] [exception.CException] CException: SiteController cannot find the requested view "registration". in /var/www/html/yii_test/yii/framework/web/CController.php:881
Stack trace:
#0 /var/www/html/yii_test/yii/framework/web/CController.php(785): CController->renderPartial('registration', NULL, true)
#1 /var/www/html/test_yii/protected/controllers/SiteController.php(32): CController->render('registration')
#2 /var/www/html/yii_test/yii/framework/web/actions/CInlineAction.php(49): SiteController->actionIndex()
#3 /var/www/html/yii_test/yii/framework/web/CController.php(308): CInlineAction->runWithParams(Array)
#4 /var/www/html/yii_test/yii/framework/web/CController.php(286): CController->runAction(Object(CInlineAction))
#5 /var/www/html/yii_test/yii/framework/web/CController.php(265): CController->runActionWithFilters(Object(CInlineAction), Array)
#6 /var/www/html/yii_test/yii/framework/web/CWebApplication.php(282): CController->run('')
#7 /var/www/html/yii_test/yii/framework/web/CWebApplication.php(141): CWebApplication->runController('')
#8 /var/www/html/yii_test/yii/framework/base/CApplication.php(185): CWebApplication->processRequest()
#9 /var/www/html/test_yii/index.php(13): CApplication->run()
#10 {main}
REQUEST_URI=/test_yii/
---
2019/01/26 14:44:34 [error] [php] Undefined variable: model (/var/www/html/test_yii/protected/views/site/reigstration.php:20)
Stack trace:
#0 /var/www/html/yii_test/yii/framework/web/CController.php(872): SiteController->renderFile()
#1 /var/www/html/yii_test/yii/framework/web/CController.php(785): SiteController->renderPartial()
#2 /var/www/html/test_yii/protected/controllers/SiteController.php(32): SiteController->render()
#3 /var/www/html/yii_test/yii/framework/web/actions/CInlineAction.php(49): SiteController->actionIndex()
#4 /var/www/html/yii_test/yii/framework/web/CController.php(308): CInlineAction->runWithParams()
#5 /var/www/html/yii_test/yii/framework/web/CController.php(286): SiteController->runAction()
#6 /var/www/html/yii_test/yii/framework/web/CController.php(265): SiteController->runActionWithFilters()
#7 /var/www/html/yii_test/yii/framework/web/CWebApplication.php(282): SiteController->run()
#8 /var/www/html/yii_test/yii/framework/web/CWebApplication.php(141): CWebApplication->runController()
#9 /var/www/html/yii_test/yii/framework/base/CApplication.php(185): CWebApplication->processRequest()
#10 /var/www/html/test_yii/index.php(13): CWebApplication->run()
REQUEST_URI=/test_yii/
in /var/www/html/test_yii/protected/views/site/reigstration.php (20)
in /var/www/html/test_yii/protected/controllers/SiteController.php (32)
in /var/www/html/test_yii/index.php (13)
2019/01/26 14:46:44 [error] [php] Undefined variable: model (/var/www/html/test_yii/protected/views/site/registration.php:20)
Stack trace:
#0 /var/www/html/yii_test/yii/framework/web/CController.php(872): SiteController->renderFile()
#1 /var/www/html/yii_test/yii/framework/web/CController.php(785): SiteController->renderPartial()
#2 /var/www/html/test_yii/protected/controllers/SiteController.php(32): SiteController->render()
#3 /var/www/html/yii_test/yii/framework/web/actions/CInlineAction.php(49): SiteController->actionIndex()
#4 /var/www/html/yii_test/yii/framework/web/CController.php(308): CInlineAction->runWithParams()
#5 /var/www/html/yii_test/yii/framework/web/CController.php(286): SiteController->runAction()
#6 /var/www/html/yii_test/yii/framework/web/CController.php(265): SiteController->runActionWithFilters()
#7 /var/www/html/yii_test/yii/framework/web/CWebApplication.php(282): SiteController->run()
#8 /var/www/html/yii_test/yii/framework/web/CWebApplication.php(141): CWebApplication->runController()
#9 /var/www/html/yii_test/yii/framework/base/CApplication.php(185): CWebApplication->processRequest()
#10 /var/www/html/test_yii/index.php(13): CWebApplication->run()
REQUEST_URI=/test_yii/
in /var/www/html/test_yii/protected/views/site/registration.php (20)
in /var/www/html/test_yii/protected/controllers/SiteController.php (32)
in /var/www/html/test_yii/index.php (13)
2019/01/26 14:48:52 [error] [exception.CException] CException: SiteController cannot find the requested view "registration". in /var/www/html/yii_test/yii/framework/web/CController.php:881
Stack trace:
#0 /var/www/html/yii_test/yii/framework/web/CController.php(785): CController->renderPartial('registration', NULL, true)
#1 /var/www/html/test_yii/protected/controllers/SiteController.php(32): CController->render('registration')
#2 /var/www/html/yii_test/yii/framework/web/actions/CInlineAction.php(49): SiteController->actionIndex()
#3 /var/www/html/yii_test/yii/framework/web/CController.php(308): CInlineAction->runWithParams(Array)
#4 /var/www/html/yii_test/yii/framework/web/CController.php(286): CController->runAction(Object(CInlineAction))
#5 /var/www/html/yii_test/yii/framework/web/CController.php(265): CController->runActionWithFilters(Object(CInlineAction), Array)
#6 /var/www/html/yii_test/yii/framework/web/CWebApplication.php(282): CController->run('')
#7 /var/www/html/yii_test/yii/framework/web/CWebApplication.php(141): CWebApplication->runController('')
#8 /var/www/html/yii_test/yii/framework/base/CApplication.php(185): CWebApplication->processRequest()
#9 /var/www/html/test_yii/index.php(13): CApplication->run()
#10 {main}
REQUEST_URI=/test_yii/
---
2019/01/26 14:48:54 [error] [exception.CException] CException: SiteController cannot find the requested view "registration". in /var/www/html/yii_test/yii/framework/web/CController.php:881
Stack trace:
#0 /var/www/html/yii_test/yii/framework/web/CController.php(785): CController->renderPartial('registration', NULL, true)
#1 /var/www/html/test_yii/protected/controllers/SiteController.php(32): CController->render('registration')
#2 /var/www/html/yii_test/yii/framework/web/actions/CInlineAction.php(49): SiteController->actionIndex()
#3 /var/www/html/yii_test/yii/framework/web/CController.php(308): CInlineAction->runWithParams(Array)
#4 /var/www/html/yii_test/yii/framework/web/CController.php(286): CController->runAction(Object(CInlineAction))
#5 /var/www/html/yii_test/yii/framework/web/CController.php(265): CController->runActionWithFilters(Object(CInlineAction), Array)
#6 /var/www/html/yii_test/yii/framework/web/CWebApplication.php(282): CController->run('')
#7 /var/www/html/yii_test/yii/framework/web/CWebApplication.php(141): CWebApplication->runController('')
#8 /var/www/html/yii_test/yii/framework/base/CApplication.php(185): CWebApplication->processRequest()
#9 /var/www/html/test_yii/index.php(13): CApplication->run()
#10 {main}
REQUEST_URI=/test_yii/
---
2019/01/26 14:54:27 [error] [php] Undefined variable: model (/var/www/html/test_yii/protected/views/site/registration.php:20)
Stack trace:
#0 /var/www/html/yii_test/yii/framework/web/CController.php(872): SiteController->renderFile()
#1 /var/www/html/yii_test/yii/framework/web/CController.php(785): SiteController->renderPartial()
#2 /var/www/html/test_yii/protected/controllers/SiteController.php(32): SiteController->render()
#3 /var/www/html/yii_test/yii/framework/web/actions/CInlineAction.php(49): SiteController->actionIndex()
#4 /var/www/html/yii_test/yii/framework/web/CController.php(308): CInlineAction->runWithParams()
#5 /var/www/html/yii_test/yii/framework/web/CController.php(286): SiteController->runAction()
#6 /var/www/html/yii_test/yii/framework/web/CController.php(265): SiteController->runActionWithFilters()
#7 /var/www/html/yii_test/yii/framework/web/CWebApplication.php(282): SiteController->run()
#8 /var/www/html/yii_test/yii/framework/web/CWebApplication.php(141): CWebApplication->runController()
#9 /var/www/html/yii_test/yii/framework/base/CApplication.php(185): CWebApplication->processRequest()
#10 /var/www/html/test_yii/index.php(13): CWebApplication->run()
REQUEST_URI=/test_yii/
in /var/www/html/test_yii/protected/views/site/registration.php (20)
in /var/www/html/test_yii/protected/controllers/SiteController.php (32)
in /var/www/html/test_yii/index.php (13)
2019/01/26 14:57:45 [error] [php] Undefined variable: model (/var/www/html/test_yii/protected/views/site/registration.php:20)
Stack trace:
#0 /var/www/html/yii_test/yii/framework/web/CController.php(872): SiteController->renderFile()
#1 /var/www/html/yii_test/yii/framework/web/CController.php(785): SiteController->renderPartial()
#2 /var/www/html/test_yii/protected/controllers/SiteController.php(32): SiteController->render()
#3 /var/www/html/yii_test/yii/framework/web/actions/CInlineAction.php(49): SiteController->actionIndex()
#4 /var/www/html/yii_test/yii/framework/web/CController.php(308): CInlineAction->runWithParams()
#5 /var/www/html/yii_test/yii/framework/web/CController.php(286): SiteController->runAction()
#6 /var/www/html/yii_test/yii/framework/web/CController.php(265): SiteController->runActionWithFilters()
#7 /var/www/html/yii_test/yii/framework/web/CWebApplication.php(282): SiteController->run()
#8 /var/www/html/yii_test/yii/framework/web/CWebApplication.php(141): CWebApplication->runController()
#9 /var/www/html/yii_test/yii/framework/base/CApplication.php(185): CWebApplication->processRequest()
#10 /var/www/html/test_yii/index.php(13): CWebApplication->run()
REQUEST_URI=/test_yii/
in /var/www/html/test_yii/protected/views/site/registration.php (20)
in /var/www/html/test_yii/protected/controllers/SiteController.php (32)
in /var/www/html/test_yii/index.php (13)
2019/01/26 14:57:46 [error] [php] Undefined variable: model (/var/www/html/test_yii/protected/views/site/registration.php:20)
Stack trace:
#0 /var/www/html/yii_test/yii/framework/web/CController.php(872): SiteController->renderFile()
#1 /var/www/html/yii_test/yii/framework/web/CController.php(785): SiteController->renderPartial()
#2 /var/www/html/test_yii/protected/controllers/SiteController.php(32): SiteController->render()
#3 /var/www/html/yii_test/yii/framework/web/actions/CInlineAction.php(49): SiteController->actionIndex()
#4 /var/www/html/yii_test/yii/framework/web/CController.php(308): CInlineAction->runWithParams()
#5 /var/www/html/yii_test/yii/framework/web/CController.php(286): SiteController->runAction()
#6 /var/www/html/yii_test/yii/framework/web/CController.php(265): SiteController->runActionWithFilters()
#7 /var/www/html/yii_test/yii/framework/web/CWebApplication.php(282): SiteController->run()
#8 /var/www/html/yii_test/yii/framework/web/CWebApplication.php(141): CWebApplication->runController()
#9 /var/www/html/yii_test/yii/framework/base/CApplication.php(185): CWebApplication->processRequest()
#10 /var/www/html/test_yii/index.php(13): CWebApplication->run()
REQUEST_URI=/test_yii/
in /var/www/html/test_yii/protected/views/site/registration.php (20)
in /var/www/html/test_yii/protected/controllers/SiteController.php (32)
in /var/www/html/test_yii/index.php (13)
2019/01/26 14:57:47 [error] [php] Undefined variable: model (/var/www/html/test_yii/protected/views/site/registration.php:20)
Stack trace:
#0 /var/www/html/yii_test/yii/framework/web/CController.php(872): SiteController->renderFile()
#1 /var/www/html/yii_test/yii/framework/web/CController.php(785): SiteController->renderPartial()
#2 /var/www/html/test_yii/protected/controllers/SiteController.php(32): SiteController->render()
#3 /var/www/html/yii_test/yii/framework/web/actions/CInlineAction.php(49): SiteController->actionIndex()
#4 /var/www/html/yii_test/yii/framework/web/CController.php(308): CInlineAction->runWithParams()
#5 /var/www/html/yii_test/yii/framework/web/CController.php(286): SiteController->runAction()
#6 /var/www/html/yii_test/yii/framework/web/CController.php(265): SiteController->runActionWithFilters()
#7 /var/www/html/yii_test/yii/framework/web/CWebApplication.php(282): SiteController->run()
#8 /var/www/html/yii_test/yii/framework/web/CWebApplication.php(141): CWebApplication->runController()
#9 /var/www/html/yii_test/yii/framework/base/CApplication.php(185): CWebApplication->processRequest()
#10 /var/www/html/test_yii/index.php(13): CWebApplication->run()
REQUEST_URI=/test_yii/
in /var/www/html/test_yii/protected/views/site/registration.php (20)
in /var/www/html/test_yii/protected/controllers/SiteController.php (32)
in /var/www/html/test_yii/index.php (13)
2019/01/26 14:57:47 [error] [php] Undefined variable: model (/var/www/html/test_yii/protected/views/site/registration.php:20)
Stack trace:
#0 /var/www/html/yii_test/yii/framework/web/CController.php(872): SiteController->renderFile()
#1 /var/www/html/yii_test/yii/framework/web/CController.php(785): SiteController->renderPartial()
#2 /var/www/html/test_yii/protected/controllers/SiteController.php(32): SiteController->render()
#3 /var/www/html/yii_test/yii/framework/web/actions/CInlineAction.php(49): SiteController->actionIndex()
#4 /var/www/html/yii_test/yii/framework/web/CController.php(308): CInlineAction->runWithParams()
#5 /var/www/html/yii_test/yii/framework/web/CController.php(286): SiteController->runAction()
#6 /var/www/html/yii_test/yii/framework/web/CController.php(265): SiteController->runActionWithFilters()
#7 /var/www/html/yii_test/yii/framework/web/CWebApplication.php(282): SiteController->run()
#8 /var/www/html/yii_test/yii/framework/web/CWebApplication.php(141): CWebApplication->runController()
#9 /var/www/html/yii_test/yii/framework/base/CApplication.php(185): CWebApplication->processRequest()
#10 /var/www/html/test_yii/index.php(13): CWebApplication->run()
REQUEST_URI=/test_yii/
in /var/www/html/test_yii/protected/views/site/registration.php (20)
in /var/www/html/test_yii/protected/controllers/SiteController.php (32)
in /var/www/html/test_yii/index.php (13)
2019/01/26 14:57:47 [error] [php] Undefined variable: model (/var/www/html/test_yii/protected/views/site/registration.php:20)
Stack trace:
#0 /var/www/html/yii_test/yii/framework/web/CController.php(872): SiteController->renderFile()
#1 /var/www/html/yii_test/yii/framework/web/CController.php(785): SiteController->renderPartial()
#2 /var/www/html/test_yii/protected/controllers/SiteController.php(32): SiteController->render()
#3 /var/www/html/yii_test/yii/framework/web/actions/CInlineAction.php(49): SiteController->actionIndex()
#4 /var/www/html/yii_test/yii/framework/web/CController.php(308): CInlineAction->runWithParams()
#5 /var/www/html/yii_test/yii/framework/web/CController.php(286): SiteController->runAction()
#6 /var/www/html/yii_test/yii/framework/web/CController.php(265): SiteController->runActionWithFilters()
#7 /var/www/html/yii_test/yii/framework/web/CWebApplication.php(282): SiteController->run()
#8 /var/www/html/yii_test/yii/framework/web/CWebApplication.php(141): CWebApplication->runController()
#9 /var/www/html/yii_test/yii/framework/base/CApplication.php(185): CWebApplication->processRequest()
#10 /var/www/html/test_yii/index.php(13): CWebApplication->run()
REQUEST_URI=/test_yii/
in /var/www/html/test_yii/protected/views/site/registration.php (20)
in /var/www/html/test_yii/protected/controllers/SiteController.php (32)
in /var/www/html/test_yii/index.php (13)
2019/01/26 15:16:12 [error] [exception.CHttpException.403] CHttpException: You are not authorized to perform this action. in /var/www/html/yii_test/yii/framework/web/auth/CAccessControlFilter.php:183
Stack trace:
#0 /var/www/html/yii_test/yii/framework/web/auth/CAccessControlFilter.php(145): CAccessControlFilter->accessDenied(Object(CWebUser), 'You are not aut...')
#1 /var/www/html/yii_test/yii/framework/web/filters/CFilter.php(38): CAccessControlFilter->preFilter(Object(CFilterChain))
#2 /var/www/html/yii_test/yii/framework/web/CController.php(1148): CFilter->filter(Object(CFilterChain))
#3 /var/www/html/yii_test/yii/framework/web/filters/CInlineFilter.php(58): CController->filterAccessControl(Object(CFilterChain))
#4 /var/www/html/yii_test/yii/framework/web/filters/CFilterChain.php(131): CInlineFilter->filter(Object(CFilterChain))
#5 /var/www/html/yii_test/yii/framework/web/CController.php(291): CFilterChain->run()
#6 /var/www/html/yii_test/yii/framework/web/CController.php(265): CController->runActionWithFilters(Object(CInlineAction), Array)
#7 /var/www/html/yii_test/yii/framework/web/CWebApplication.php(282): CController->run('admin')
#8 /var/www/html/yii_test/yii/framework/web/CWebApplication.php(141): CWebApplication->runController('users/admin')
#9 /var/www/html/yii_test/yii/framework/base/CApplication.php(185): CWebApplication->processRequest()
#10 /var/www/html/test_yii/index.php(13): CApplication->run()
#11 {main}
REQUEST_URI=/test_yii/index.php?r=users/admin
HTTP_REFERER=http://localhost/test_yii/index.php?r=users/index
---
2019/01/26 15:16:57 [error] [system.db.CDbCommand] CDbCommand::execute() failed: SQLSTATE[22007]: Invalid datetime format: 1292 Incorrect date value: '1906.36.36' for column 'birth_day' at row 1. The SQL statement executed was: INSERT INTO `users` (`name`, `sur_name`, `middle_name`, `birth_day`, `passport_number`, `email`, `phone_number`, `date_create`) VALUES (:yp0, :yp1, :yp2, :yp3, :yp4, :yp5, :yp6, :yp7).
in /var/www/html/test_yii/protected/controllers/UsersController.php (73)
in /var/www/html/test_yii/index.php (13)
2019/01/26 15:16:57 [error] [exception.CDbException] CDbException: CDbCommand failed to execute the SQL statement: SQLSTATE[22007]: Invalid datetime format: 1292 Incorrect date value: '1906.36.36' for column 'birth_day' at row 1. The SQL statement executed was: INSERT INTO `users` (`name`, `sur_name`, `middle_name`, `birth_day`, `passport_number`, `email`, `phone_number`, `date_create`) VALUES (:yp0, :yp1, :yp2, :yp3, :yp4, :yp5, :yp6, :yp7) in /var/www/html/yii_test/yii/framework/db/CDbCommand.php:358
Stack trace:
#0 /var/www/html/yii_test/yii/framework/db/ar/CActiveRecord.php(1083): CDbCommand->execute()
#1 /var/www/html/yii_test/yii/framework/db/ar/CActiveRecord.php(811): CActiveRecord->insert(NULL)
#2 /var/www/html/test_yii/protected/controllers/UsersController.php(73): CActiveRecord->save()
#3 /var/www/html/yii_test/yii/framework/web/actions/CInlineAction.php(49): UsersController->actionCreate()
#4 /var/www/html/yii_test/yii/framework/web/CController.php(308): CInlineAction->runWithParams(Array)
#5 /var/www/html/yii_test/yii/framework/web/filters/CFilterChain.php(134): CController->runAction(Object(CInlineAction))
#6 /var/www/html/yii_test/yii/framework/web/filters/CFilter.php(40): CFilterChain->run()
#7 /var/www/html/yii_test/yii/framework/web/CController.php(1148): CFilter->filter(Object(CFilterChain))
#8 /var/www/html/yii_test/yii/framework/web/filters/CInlineFilter.php(58): CController->filterAccessControl(Object(CFilterChain))
#9 /var/www/html/yii_test/yii/framework/web/filters/CFilterChain.php(131): CInlineFilter->filter(Object(CFilterChain))
#10 /var/www/html/yii_test/yii/framework/web/CController.php(291): CFilterChain->run()
#11 /var/www/html/yii_test/yii/framework/web/CController.php(265): CController->runActionWithFilters(Object(CInlineAction), Array)
#12 /var/www/html/yii_test/yii/framework/web/CWebApplication.php(282): CController->run('create')
#13 /var/www/html/yii_test/yii/framework/web/CWebApplication.php(141): CWebApplication->runController('users/create')
#14 /var/www/html/yii_test/yii/framework/base/CApplication.php(185): CWebApplication->processRequest()
#15 /var/www/html/test_yii/index.php(13): CApplication->run()
#16 {main}
REQUEST_URI=/test_yii/index.php?r=users/create
HTTP_REFERER=http://localhost/test_yii/index.php?r=users/create
---
2019/01/26 15:17:25 [error] [system.db.CDbCommand] CDbCommand::execute() failed: SQLSTATE[22007]: Invalid datetime format: 1292 Incorrect datetime value: '' for column 'date_create' at row 1. The SQL statement executed was: INSERT INTO `users` (`name`, `sur_name`, `middle_name`, `birth_day`, `passport_number`, `email`, `phone_number`, `date_create`) VALUES (:yp0, :yp1, :yp2, :yp3, :yp4, :yp5, :yp6, :yp7).
in /var/www/html/test_yii/protected/controllers/UsersController.php (73)
in /var/www/html/test_yii/index.php (13)
2019/01/26 15:17:25 [error] [exception.CDbException] CDbException: CDbCommand failed to execute the SQL statement: SQLSTATE[22007]: Invalid datetime format: 1292 Incorrect datetime value: '' for column 'date_create' at row 1. The SQL statement executed was: INSERT INTO `users` (`name`, `sur_name`, `middle_name`, `birth_day`, `passport_number`, `email`, `phone_number`, `date_create`) VALUES (:yp0, :yp1, :yp2, :yp3, :yp4, :yp5, :yp6, :yp7) in /var/www/html/yii_test/yii/framework/db/CDbCommand.php:358
Stack trace:
#0 /var/www/html/yii_test/yii/framework/db/ar/CActiveRecord.php(1083): CDbCommand->execute()
#1 /var/www/html/yii_test/yii/framework/db/ar/CActiveRecord.php(811): CActiveRecord->insert(NULL)
#2 /var/www/html/test_yii/protected/controllers/UsersController.php(73): CActiveRecord->save()
#3 /var/www/html/yii_test/yii/framework/web/actions/CInlineAction.php(49): UsersController->actionCreate()
#4 /var/www/html/yii_test/yii/framework/web/CController.php(308): CInlineAction->runWithParams(Array)
#5 /var/www/html/yii_test/yii/framework/web/filters/CFilterChain.php(134): CController->runAction(Object(CInlineAction))
#6 /var/www/html/yii_test/yii/framework/web/filters/CFilter.php(40): CFilterChain->run()
#7 /var/www/html/yii_test/yii/framework/web/CController.php(1148): CFilter->filter(Object(CFilterChain))
#8 /var/www/html/yii_test/yii/framework/web/filters/CInlineFilter.php(58): CController->filterAccessControl(Object(CFilterChain))
#9 /var/www/html/yii_test/yii/framework/web/filters/CFilterChain.php(131): CInlineFilter->filter(Object(CFilterChain))
#10 /var/www/html/yii_test/yii/framework/web/CController.php(291): CFilterChain->run()
#11 /var/www/html/yii_test/yii/framework/web/CController.php(265): CController->runActionWithFilters(Object(CInlineAction), Array)
#12 /var/www/html/yii_test/yii/framework/web/CWebApplication.php(282): CController->run('create')
#13 /var/www/html/yii_test/yii/framework/web/CWebApplication.php(141): CWebApplication->runController('users/create')
#14 /var/www/html/yii_test/yii/framework/base/CApplication.php(185): CWebApplication->processRequest()
#15 /var/www/html/test_yii/index.php(13): CApplication->run()
#16 {main}
REQUEST_URI=/test_yii/index.php?r=users/create
HTTP_REFERER=http://localhost/test_yii/index.php?r=users/create
---
2019/01/26 15:20:34 [error] [system.db.CDbCommand] CDbCommand::execute() failed: SQLSTATE[22003]: Numeric value out of range: 1264 Out of range value for column 'passport_number' at row 1. The SQL statement executed was: INSERT INTO `users` (`name`, `sur_name`, `middle_name`, `birth_day`, `passport_number`, `email`, `phone_number`, `date_create`) VALUES (:yp0, :yp1, :yp2, :yp3, :yp4, :yp5, :yp6, :yp7).
in /var/www/html/test_yii/protected/controllers/SiteController.php (38)
in /var/www/html/test_yii/index.php (13)
2019/01/26 15:20:34 [error] [exception.CDbException] CDbException: CDbCommand failed to execute the SQL statement: SQLSTATE[22003]: Numeric value out of range: 1264 Out of range value for column 'passport_number' at row 1. The SQL statement executed was: INSERT INTO `users` (`name`, `sur_name`, `middle_name`, `birth_day`, `passport_number`, `email`, `phone_number`, `date_create`) VALUES (:yp0, :yp1, :yp2, :yp3, :yp4, :yp5, :yp6, :yp7) in /var/www/html/yii_test/yii/framework/db/CDbCommand.php:358
Stack trace:
#0 /var/www/html/yii_test/yii/framework/db/ar/CActiveRecord.php(1083): CDbCommand->execute()
#1 /var/www/html/yii_test/yii/framework/db/ar/CActiveRecord.php(811): CActiveRecord->insert(NULL)
#2 /var/www/html/test_yii/protected/controllers/SiteController.php(38): CActiveRecord->save()
#3 /var/www/html/yii_test/yii/framework/web/actions/CInlineAction.php(49): SiteController->actionIndex()
#4 /var/www/html/yii_test/yii/framework/web/CController.php(308): CInlineAction->runWithParams(Array)
#5 /var/www/html/yii_test/yii/framework/web/CController.php(286): CController->runAction(Object(CInlineAction))
#6 /var/www/html/yii_test/yii/framework/web/CController.php(265): CController->runActionWithFilters(Object(CInlineAction), Array)
#7 /var/www/html/yii_test/yii/framework/web/CWebApplication.php(282): CController->run('')
#8 /var/www/html/yii_test/yii/framework/web/CWebApplication.php(141): CWebApplication->runController('')
#9 /var/www/html/yii_test/yii/framework/base/CApplication.php(185): CWebApplication->processRequest()
#10 /var/www/html/test_yii/index.php(13): CApplication->run()
#11 {main}
REQUEST_URI=/test_yii/
HTTP_REFERER=http://localhost/test_yii/
---
2019/01/26 15:21:10 [error] [exception.CHttpException.404] CHttpException: The system is unable to find the requested action "view". in /var/www/html/yii_test/yii/framework/web/CController.php:486
Stack trace:
#0 /var/www/html/yii_test/yii/framework/web/CController.php(270): CController->missingAction('view')
#1 /var/www/html/yii_test/yii/framework/web/CWebApplication.php(282): CController->run('view')
#2 /var/www/html/yii_test/yii/framework/web/CWebApplication.php(141): CWebApplication->runController('site/view')
#3 /var/www/html/yii_test/yii/framework/base/CApplication.php(185): CWebApplication->processRequest()
#4 /var/www/html/test_yii/index.php(13): CApplication->run()
#5 {main}
REQUEST_URI=/test_yii/index.php?r=site/view&id=2
HTTP_REFERER=http://localhost/test_yii/
---
2019/01/26 15:23:55 [error] [exception.CHttpException.404] CHttpException: The system is unable to find the requested action "view". in /var/www/html/yii_test/yii/framework/web/CController.php:486
Stack trace:
#0 /var/www/html/yii_test/yii/framework/web/CController.php(270): CController->missingAction('view')
#1 /var/www/html/yii_test/yii/framework/web/CWebApplication.php(282): CController->run('view')
#2 /var/www/html/yii_test/yii/framework/web/CWebApplication.php(141): CWebApplication->runController('site/view')
#3 /var/www/html/yii_test/yii/framework/base/CApplication.php(185): CWebApplication->processRequest()
#4 /var/www/html/test_yii/index.php(13): CApplication->run()
#5 {main}
REQUEST_URI=/test_yii/index.php?r=site/view&id=2
HTTP_REFERER=http://localhost/test_yii/
---
2019/01/26 15:23:56 [error] [exception.CHttpException.404] CHttpException: The system is unable to find the requested action "view". in /var/www/html/yii_test/yii/framework/web/CController.php:486
Stack trace:
#0 /var/www/html/yii_test/yii/framework/web/CController.php(270): CController->missingAction('view')
#1 /var/www/html/yii_test/yii/framework/web/CWebApplication.php(282): CController->run('view')
#2 /var/www/html/yii_test/yii/framework/web/CWebApplication.php(141): CWebApplication->runController('site/view')
#3 /var/www/html/yii_test/yii/framework/base/CApplication.php(185): CWebApplication->processRequest()
#4 /var/www/html/test_yii/index.php(13): CApplication->run()
#5 {main}
REQUEST_URI=/test_yii/index.php?r=site/view&id=2
HTTP_REFERER=http://localhost/test_yii/
---
2019/01/26 15:23:57 [error] [exception.CHttpException.404] CHttpException: The system is unable to find the requested action "view". in /var/www/html/yii_test/yii/framework/web/CController.php:486
Stack trace:
#0 /var/www/html/yii_test/yii/framework/web/CController.php(270): CController->missingAction('view')
#1 /var/www/html/yii_test/yii/framework/web/CWebApplication.php(282): CController->run('view')
#2 /var/www/html/yii_test/yii/framework/web/CWebApplication.php(141): CWebApplication->runController('site/view')
#3 /var/www/html/yii_test/yii/framework/base/CApplication.php(185): CWebApplication->processRequest()
#4 /var/www/html/test_yii/index.php(13): CApplication->run()
#5 {main}
REQUEST_URI=/test_yii/index.php?r=site/view&id=2
HTTP_REFERER=http://localhost/test_yii/
---
2019/01/26 15:24:18 [error] [exception.CHttpException.404] CHttpException: The system is unable to find the requested action "view". in /var/www/html/yii_test/yii/framework/web/CController.php:486
Stack trace:
#0 /var/www/html/yii_test/yii/framework/web/CController.php(270): CController->missingAction('view')
#1 /var/www/html/yii_test/yii/framework/web/CWebApplication.php(282): CController->run('view')
#2 /var/www/html/yii_test/yii/framework/web/CWebApplication.php(141): CWebApplication->runController('site/view')
#3 /var/www/html/yii_test/yii/framework/base/CApplication.php(185): CWebApplication->processRequest()
#4 /var/www/html/test_yii/index.php(13): CApplication->run()
#5 {main}
REQUEST_URI=/test_yii/index.php?r=site/view&id=3
HTTP_REFERER=http://localhost/test_yii/
---
2019/01/26 15:25:41 [error] [exception.CException] CException: SiteController and its behaviors do not have a method or closure named "loadModel". in /var/www/html/yii_test/yii/framework/base/CComponent.php:266
Stack trace:
#0 /var/www/html/test_yii/protected/controllers/SiteController.php(54): CComponent->__call('loadModel', Array)
#1 [internal function]: SiteController->actionView('3')
#2 /var/www/html/yii_test/yii/framework/web/actions/CAction.php(109): ReflectionMethod->invokeArgs(Object(SiteController), Array)
#3 /var/www/html/yii_test/yii/framework/web/actions/CInlineAction.php(47): CAction->runWithParamsInternal(Object(SiteController), Object(ReflectionMethod), Array)
#4 /var/www/html/yii_test/yii/framework/web/CController.php(308): CInlineAction->runWithParams(Array)
#5 /var/www/html/yii_test/yii/framework/web/CController.php(286): CController->runAction(Object(CInlineAction))
#6 /var/www/html/yii_test/yii/framework/web/CController.php(265): CController->runActionWithFilters(Object(CInlineAction), Array)
#7 /var/www/html/yii_test/yii/framework/web/CWebApplication.php(282): CController->run('view')
#8 /var/www/html/yii_test/yii/framework/web/CWebApplication.php(141): CWebApplication->runController('site/view')
#9 /var/www/html/yii_test/yii/framework/base/CApplication.php(185): CWebApplication->processRequest()
#10 /var/www/html/test_yii/index.php(13): CApplication->run()
#11 {main}
REQUEST_URI=/test_yii/index.php?r=site/view&id=3
HTTP_REFERER=http://localhost/test_yii/
---
2019/01/26 15:31:01 [error] [system.db.CDbCommand] CDbCommand::execute() failed: SQLSTATE[22007]: Invalid datetime format: 1292 Incorrect date value: '' for column 'birth_day' at row 1. The SQL statement executed was: INSERT INTO `users` (`name`, `sur_name`, `middle_name`, `birth_day`, `passport_number`, `email`, `phone_number`, `date_create`) VALUES (:yp0, :yp1, :yp2, :yp3, :yp4, :yp5, :yp6, :yp7).
in /var/www/html/test_yii/protected/controllers/SiteController.php (38)
in /var/www/html/test_yii/index.php (13)
2019/01/26 15:31:01 [error] [exception.CDbException] CDbException: CDbCommand failed to execute the SQL statement: SQLSTATE[22007]: Invalid datetime format: 1292 Incorrect date value: '' for column 'birth_day' at row 1. The SQL statement executed was: INSERT INTO `users` (`name`, `sur_name`, `middle_name`, `birth_day`, `passport_number`, `email`, `phone_number`, `date_create`) VALUES (:yp0, :yp1, :yp2, :yp3, :yp4, :yp5, :yp6, :yp7) in /var/www/html/yii_test/yii/framework/db/CDbCommand.php:358
Stack trace:
#0 /var/www/html/yii_test/yii/framework/db/ar/CActiveRecord.php(1083): CDbCommand->execute()
#1 /var/www/html/yii_test/yii/framework/db/ar/CActiveRecord.php(811): CActiveRecord->insert(NULL)
#2 /var/www/html/test_yii/protected/controllers/SiteController.php(38): CActiveRecord->save()
#3 /var/www/html/yii_test/yii/framework/web/actions/CInlineAction.php(49): SiteController->actionIndex()
#4 /var/www/html/yii_test/yii/framework/web/CController.php(308): CInlineAction->runWithParams(Array)
#5 /var/www/html/yii_test/yii/framework/web/CController.php(286): CController->runAction(Object(CInlineAction))
#6 /var/www/html/yii_test/yii/framework/web/CController.php(265): CController->runActionWithFilters(Object(CInlineAction), Array)
#7 /var/www/html/yii_test/yii/framework/web/CWebApplication.php(282): CController->run('index')
#8 /var/www/html/yii_test/yii/framework/web/CWebApplication.php(141): CWebApplication->runController('site/index')
#9 /var/www/html/yii_test/yii/framework/base/CApplication.php(185): CWebApplication->processRequest()
#10 /var/www/html/test_yii/index.php(13): CApplication->run()
#11 {main}
REQUEST_URI=/test_yii/index.php?r=site/index
HTTP_REFERER=http://localhost/test_yii/index.php?r=site/index
---
2019/01/26 15:32:41 [error] [exception.CException] CException: Property "CSafeValidator.0" is not defined. in /var/www/html/yii_test/yii/framework/base/CComponent.php:173
Stack trace:
#0 /var/www/html/yii_test/yii/framework/validators/CValidator.php(177): CComponent->__set('0', 'required')
#1 /var/www/html/yii_test/yii/framework/base/CModel.php(287): CValidator::createValidator(0, Object(Users), Array, Array)
#2 /var/www/html/yii_test/yii/framework/base/CModel.php(260): CModel->createValidators()
#3 /var/www/html/yii_test/yii/framework/base/CModel.php(304): CModel->getValidators('name')
#4 /var/www/html/yii_test/yii/framework/web/helpers/CHtml.php(1520): CModel->isAttributeRequired('name')
#5 /var/www/html/yii_test/yii/framework/web/widgets/CActiveForm.php(600): CHtml::activeLabelEx(Object(Users), 'name', Array)
#6 /var/www/html/test_yii/protected/views/site/_form.php(23): CActiveForm->labelEx(Object(Users), 'name')
#7 /var/www/html/yii_test/yii/framework/web/CBaseController.php(126): require('/var/www/html/t...')
#8 /var/www/html/yii_test/yii/framework/web/CBaseController.php(95): CBaseController->renderInternal('/var/www/html/t...', Array, true)
#9 /var/www/html/yii_test/yii/framework/web/CController.php(872): CBaseController->renderFile('/var/www/html/t...', Array, true)
#10 /var/www/html/test_yii/protected/views/site/index.php(18): CController->renderPartial('_form', Array)
#11 /var/www/html/yii_test/yii/framework/web/CBaseController.php(126): require('/var/www/html/t...')
#12 /var/www/html/yii_test/yii/framework/web/CBaseController.php(95): CBaseController->renderInternal('/var/www/html/t...', Array, true)
#13 /var/www/html/yii_test/yii/framework/web/CController.php(872): CBaseController->renderFile('/var/www/html/t...', Array, true)
#14 /var/www/html/yii_test/yii/framework/web/CController.php(785): CController->renderPartial('index', Array, true)
#15 /var/www/html/test_yii/protected/controllers/SiteController.php(43): CController->render('index', Array)
#16 /var/www/html/yii_test/yii/framework/web/actions/CInlineAction.php(49): SiteController->actionIndex()
#17 /var/www/html/yii_test/yii/framework/web/CController.php(308): CInlineAction->runWithParams(Array)
#18 /var/www/html/yii_test/yii/framework/web/CController.php(286): CController->runAction(Object(CInlineAction))
#19 /var/www/html/yii_test/yii/framework/web/CController.php(265): CController->runActionWithFilters(Object(CInlineAction), Array)
#20 /var/www/html/yii_test/yii/framework/web/CWebApplication.php(282): CController->run('index')
#21 /var/www/html/yii_test/yii/framework/web/CWebApplication.php(141): CWebApplication->runController('site/index')
#22 /var/www/html/yii_test/yii/framework/base/CApplication.php(185): CWebApplication->processRequest()
#23 /var/www/html/test_yii/index.php(13): CApplication->run()
#24 {main}
REQUEST_URI=/test_yii/index.php?r=site/index
HTTP_REFERER=http://localhost/test_yii/index.php?r=site/login
---
2019/01/26 15:34:11 [error] [exception.CException] CException: Property "CSafeValidator.0" is not defined. in /var/www/html/yii_test/yii/framework/base/CComponent.php:173
Stack trace:
#0 /var/www/html/yii_test/yii/framework/validators/CValidator.php(177): CComponent->__set('0', 'required')
#1 /var/www/html/yii_test/yii/framework/base/CModel.php(287): CValidator::createValidator(0, Object(Users), Array, Array)
#2 /var/www/html/yii_test/yii/framework/base/CModel.php(260): CModel->createValidators()
#3 /var/www/html/yii_test/yii/framework/base/CModel.php(304): CModel->getValidators('name')
#4 /var/www/html/yii_test/yii/framework/web/helpers/CHtml.php(1520): CModel->isAttributeRequired('name')
#5 /var/www/html/yii_test/yii/framework/web/widgets/CActiveForm.php(600): CHtml::activeLabelEx(Object(Users), 'name', Array)
#6 /var/www/html/test_yii/protected/views/site/_form.php(23): CActiveForm->labelEx(Object(Users), 'name')
#7 /var/www/html/yii_test/yii/framework/web/CBaseController.php(126): require('/var/www/html/t...')
#8 /var/www/html/yii_test/yii/framework/web/CBaseController.php(95): CBaseController->renderInternal('/var/www/html/t...', Array, true)
#9 /var/www/html/yii_test/yii/framework/web/CController.php(872): CBaseController->renderFile('/var/www/html/t...', Array, true)
#10 /var/www/html/test_yii/protected/views/site/index.php(18): CController->renderPartial('_form', Array)
#11 /var/www/html/yii_test/yii/framework/web/CBaseController.php(126): require('/var/www/html/t...')
#12 /var/www/html/yii_test/yii/framework/web/CBaseController.php(95): CBaseController->renderInternal('/var/www/html/t...', Array, true)
#13 /var/www/html/yii_test/yii/framework/web/CController.php(872): CBaseController->renderFile('/var/www/html/t...', Array, true)
#14 /var/www/html/yii_test/yii/framework/web/CController.php(785): CController->renderPartial('index', Array, true)
#15 /var/www/html/test_yii/protected/controllers/SiteController.php(43): CController->render('index', Array)
#16 /var/www/html/yii_test/yii/framework/web/actions/CInlineAction.php(49): SiteController->actionIndex()
#17 /var/www/html/yii_test/yii/framework/web/CController.php(308): CInlineAction->runWithParams(Array)
#18 /var/www/html/yii_test/yii/framework/web/CController.php(286): CController->runAction(Object(CInlineAction))
#19 /var/www/html/yii_test/yii/framework/web/CController.php(265): CController->runActionWithFilters(Object(CInlineAction), Array)
#20 /var/www/html/yii_test/yii/framework/web/CWebApplication.php(282): CController->run('index')
#21 /var/www/html/yii_test/yii/framework/web/CWebApplication.php(141): CWebApplication->runController('site/index')
#22 /var/www/html/yii_test/yii/framework/base/CApplication.php(185): CWebApplication->processRequest()
#23 /var/www/html/test_yii/index.php(13): CApplication->run()
#24 {main}
REQUEST_URI=/test_yii/index.php?r=site/index
HTTP_REFERER=http://localhost/test_yii/index.php?r=site/login
---
2019/01/26 15:34:12 [error] [exception.CException] CException: Property "CSafeValidator.0" is not defined. in /var/www/html/yii_test/yii/framework/base/CComponent.php:173
Stack trace:
#0 /var/www/html/yii_test/yii/framework/validators/CValidator.php(177): CComponent->__set('0', 'required')
#1 /var/www/html/yii_test/yii/framework/base/CModel.php(287): CValidator::createValidator(0, Object(Users), Array, Array)
#2 /var/www/html/yii_test/yii/framework/base/CModel.php(260): CModel->createValidators()
#3 /var/www/html/yii_test/yii/framework/base/CModel.php(304): CModel->getValidators('name')
#4 /var/www/html/yii_test/yii/framework/web/helpers/CHtml.php(1520): CModel->isAttributeRequired('name')
#5 /var/www/html/yii_test/yii/framework/web/widgets/CActiveForm.php(600): CHtml::activeLabelEx(Object(Users), 'name', Array)
#6 /var/www/html/test_yii/protected/views/site/_form.php(23): CActiveForm->labelEx(Object(Users), 'name')
#7 /var/www/html/yii_test/yii/framework/web/CBaseController.php(126): require('/var/www/html/t...')
#8 /var/www/html/yii_test/yii/framework/web/CBaseController.php(95): CBaseController->renderInternal('/var/www/html/t...', Array, true)
#9 /var/www/html/yii_test/yii/framework/web/CController.php(872): CBaseController->renderFile('/var/www/html/t...', Array, true)
#10 /var/www/html/test_yii/protected/views/site/index.php(18): CController->renderPartial('_form', Array)
#11 /var/www/html/yii_test/yii/framework/web/CBaseController.php(126): require('/var/www/html/t...')
#12 /var/www/html/yii_test/yii/framework/web/CBaseController.php(95): CBaseController->renderInternal('/var/www/html/t...', Array, true)
#13 /var/www/html/yii_test/yii/framework/web/CController.php(872): CBaseController->renderFile('/var/www/html/t...', Array, true)
#14 /var/www/html/yii_test/yii/framework/web/CController.php(785): CController->renderPartial('index', Array, true)
#15 /var/www/html/test_yii/protected/controllers/SiteController.php(43): CController->render('index', Array)
#16 /var/www/html/yii_test/yii/framework/web/actions/CInlineAction.php(49): SiteController->actionIndex()
#17 /var/www/html/yii_test/yii/framework/web/CController.php(308): CInlineAction->runWithParams(Array)
#18 /var/www/html/yii_test/yii/framework/web/CController.php(286): CController->runAction(Object(CInlineAction))
#19 /var/www/html/yii_test/yii/framework/web/CController.php(265): CController->runActionWithFilters(Object(CInlineAction), Array)
#20 /var/www/html/yii_test/yii/framework/web/CWebApplication.php(282): CController->run('index')
#21 /var/www/html/yii_test/yii/framework/web/CWebApplication.php(141): CWebApplication->runController('site/index')
#22 /var/www/html/yii_test/yii/framework/base/CApplication.php(185): CWebApplication->processRequest()
#23 /var/www/html/test_yii/index.php(13): CApplication->run()
#24 {main}
REQUEST_URI=/test_yii/index.php?r=site/index
HTTP_REFERER=http://localhost/test_yii/index.php?r=site/login
---
2019/01/26 15:34:12 [error] [exception.CException] CException: Property "CSafeValidator.0" is not defined. in /var/www/html/yii_test/yii/framework/base/CComponent.php:173
Stack trace:
#0 /var/www/html/yii_test/yii/framework/validators/CValidator.php(177): CComponent->__set('0', 'required')
#1 /var/www/html/yii_test/yii/framework/base/CModel.php(287): CValidator::createValidator(0, Object(Users), Array, Array)
#2 /var/www/html/yii_test/yii/framework/base/CModel.php(260): CModel->createValidators()
#3 /var/www/html/yii_test/yii/framework/base/CModel.php(304): CModel->getValidators('name')
#4 /var/www/html/yii_test/yii/framework/web/helpers/CHtml.php(1520): CModel->isAttributeRequired('name')
#5 /var/www/html/yii_test/yii/framework/web/widgets/CActiveForm.php(600): CHtml::activeLabelEx(Object(Users), 'name', Array)
#6 /var/www/html/test_yii/protected/views/site/_form.php(23): CActiveForm->labelEx(Object(Users), 'name')
#7 /var/www/html/yii_test/yii/framework/web/CBaseController.php(126): require('/var/www/html/t...')
#8 /var/www/html/yii_test/yii/framework/web/CBaseController.php(95): CBaseController->renderInternal('/var/www/html/t...', Array, true)
#9 /var/www/html/yii_test/yii/framework/web/CController.php(872): CBaseController->renderFile('/var/www/html/t...', Array, true)
#10 /var/www/html/test_yii/protected/views/site/index.php(18): CController->renderPartial('_form', Array)
#11 /var/www/html/yii_test/yii/framework/web/CBaseController.php(126): require('/var/www/html/t...')
#12 /var/www/html/yii_test/yii/framework/web/CBaseController.php(95): CBaseController->renderInternal('/var/www/html/t...', Array, true)
#13 /var/www/html/yii_test/yii/framework/web/CController.php(872): CBaseController->renderFile('/var/www/html/t...', Array, true)
#14 /var/www/html/yii_test/yii/framework/web/CController.php(785): CController->renderPartial('index', Array, true)
#15 /var/www/html/test_yii/protected/controllers/SiteController.php(43): CController->render('index', Array)
#16 /var/www/html/yii_test/yii/framework/web/actions/CInlineAction.php(49): SiteController->actionIndex()
#17 /var/www/html/yii_test/yii/framework/web/CController.php(308): CInlineAction->runWithParams(Array)
#18 /var/www/html/yii_test/yii/framework/web/CController.php(286): CController->runAction(Object(CInlineAction))
#19 /var/www/html/yii_test/yii/framework/web/CController.php(265): CController->runActionWithFilters(Object(CInlineAction), Array)
#20 /var/www/html/yii_test/yii/framework/web/CWebApplication.php(282): CController->run('index')
#21 /var/www/html/yii_test/yii/framework/web/CWebApplication.php(141): CWebApplication->runController('site/index')
#22 /var/www/html/yii_test/yii/framework/base/CApplication.php(185): CWebApplication->processRequest()
#23 /var/www/html/test_yii/index.php(13): CApplication->run()
#24 {main}
REQUEST_URI=/test_yii/index.php?r=site/index
HTTP_REFERER=http://localhost/test_yii/index.php?r=site/login
---
2019/01/26 15:34:12 [error] [exception.CException] CException: Property "CSafeValidator.0" is not defined. in /var/www/html/yii_test/yii/framework/base/CComponent.php:173
Stack trace:
#0 /var/www/html/yii_test/yii/framework/validators/CValidator.php(177): CComponent->__set('0', 'required')
#1 /var/www/html/yii_test/yii/framework/base/CModel.php(287): CValidator::createValidator(0, Object(Users), Array, Array)
#2 /var/www/html/yii_test/yii/framework/base/CModel.php(260): CModel->createValidators()
#3 /var/www/html/yii_test/yii/framework/base/CModel.php(304): CModel->getValidators('name')
#4 /var/www/html/yii_test/yii/framework/web/helpers/CHtml.php(1520): CModel->isAttributeRequired('name')
#5 /var/www/html/yii_test/yii/framework/web/widgets/CActiveForm.php(600): CHtml::activeLabelEx(Object(Users), 'name', Array)
#6 /var/www/html/test_yii/protected/views/site/_form.php(23): CActiveForm->labelEx(Object(Users), 'name')
#7 /var/www/html/yii_test/yii/framework/web/CBaseController.php(126): require('/var/www/html/t...')
#8 /var/www/html/yii_test/yii/framework/web/CBaseController.php(95): CBaseController->renderInternal('/var/www/html/t...', Array, true)
#9 /var/www/html/yii_test/yii/framework/web/CController.php(872): CBaseController->renderFile('/var/www/html/t...', Array, true)
#10 /var/www/html/test_yii/protected/views/site/index.php(18): CController->renderPartial('_form', Array)
#11 /var/www/html/yii_test/yii/framework/web/CBaseController.php(126): require('/var/www/html/t...')
#12 /var/www/html/yii_test/yii/framework/web/CBaseController.php(95): CBaseController->renderInternal('/var/www/html/t...', Array, true)
#13 /var/www/html/yii_test/yii/framework/web/CController.php(872): CBaseController->renderFile('/var/www/html/t...', Array, true)
#14 /var/www/html/yii_test/yii/framework/web/CController.php(785): CController->renderPartial('index', Array, true)
#15 /var/www/html/test_yii/protected/controllers/SiteController.php(43): CController->render('index', Array)
#16 /var/www/html/yii_test/yii/framework/web/actions/CInlineAction.php(49): SiteController->actionIndex()
#17 /var/www/html/yii_test/yii/framework/web/CController.php(308): CInlineAction->runWithParams(Array)
#18 /var/www/html/yii_test/yii/framework/web/CController.php(286): CController->runAction(Object(CInlineAction))
#19 /var/www/html/yii_test/yii/framework/web/CController.php(265): CController->runActionWithFilters(Object(CInlineAction), Array)
#20 /var/www/html/yii_test/yii/framework/web/CWebApplication.php(282): CController->run('index')
#21 /var/www/html/yii_test/yii/framework/web/CWebApplication.php(141): CWebApplication->runController('site/index')
#22 /var/www/html/yii_test/yii/framework/base/CApplication.php(185): CWebApplication->processRequest()
#23 /var/www/html/test_yii/index.php(13): CApplication->run()
#24 {main}
REQUEST_URI=/test_yii/index.php?r=site/index
HTTP_REFERER=http://localhost/test_yii/index.php?r=site/login
---
2019/01/26 15:34:13 [error] [exception.CException] CException: Property "CSafeValidator.0" is not defined. in /var/www/html/yii_test/yii/framework/base/CComponent.php:173
Stack trace:
#0 /var/www/html/yii_test/yii/framework/validators/CValidator.php(177): CComponent->__set('0', 'required')
#1 /var/www/html/yii_test/yii/framework/base/CModel.php(287): CValidator::createValidator(0, Object(Users), Array, Array)
#2 /var/www/html/yii_test/yii/framework/base/CModel.php(260): CModel->createValidators()
#3 /var/www/html/yii_test/yii/framework/base/CModel.php(304): CModel->getValidators('name')
#4 /var/www/html/yii_test/yii/framework/web/helpers/CHtml.php(1520): CModel->isAttributeRequired('name')
#5 /var/www/html/yii_test/yii/framework/web/widgets/CActiveForm.php(600): CHtml::activeLabelEx(Object(Users), 'name', Array)
#6 /var/www/html/test_yii/protected/views/site/_form.php(23): CActiveForm->labelEx(Object(Users), 'name')
#7 /var/www/html/yii_test/yii/framework/web/CBaseController.php(126): require('/var/www/html/t...')
#8 /var/www/html/yii_test/yii/framework/web/CBaseController.php(95): CBaseController->renderInternal('/var/www/html/t...', Array, true)
#9 /var/www/html/yii_test/yii/framework/web/CController.php(872): CBaseController->renderFile('/var/www/html/t...', Array, true)
#10 /var/www/html/test_yii/protected/views/site/index.php(18): CController->renderPartial('_form', Array)
#11 /var/www/html/yii_test/yii/framework/web/CBaseController.php(126): require('/var/www/html/t...')
#12 /var/www/html/yii_test/yii/framework/web/CBaseController.php(95): CBaseController->renderInternal('/var/www/html/t...', Array, true)
#13 /var/www/html/yii_test/yii/framework/web/CController.php(872): CBaseController->renderFile('/var/www/html/t...', Array, true)
#14 /var/www/html/yii_test/yii/framework/web/CController.php(785): CController->renderPartial('index', Array, true)
#15 /var/www/html/test_yii/protected/controllers/SiteController.php(43): CController->render('index', Array)
#16 /var/www/html/yii_test/yii/framework/web/actions/CInlineAction.php(49): SiteController->actionIndex()
#17 /var/www/html/yii_test/yii/framework/web/CController.php(308): CInlineAction->runWithParams(Array)
#18 /var/www/html/yii_test/yii/framework/web/CController.php(286): CController->runAction(Object(CInlineAction))
#19 /var/www/html/yii_test/yii/framework/web/CController.php(265): CController->runActionWithFilters(Object(CInlineAction), Array)
#20 /var/www/html/yii_test/yii/framework/web/CWebApplication.php(282): CController->run('index')
#21 /var/www/html/yii_test/yii/framework/web/CWebApplication.php(141): CWebApplication->runController('site/index')
#22 /var/www/html/yii_test/yii/framework/base/CApplication.php(185): CWebApplication->processRequest()
#23 /var/www/html/test_yii/index.php(13): CApplication->run()
#24 {main}
REQUEST_URI=/test_yii/index.php?r=site/index
HTTP_REFERER=http://localhost/test_yii/index.php?r=site/login
---
2019/01/26 15:41:34 [error] [exception.CException] CException: Property "CSafeValidator.0" is not defined. in /var/www/html/yii_test/yii/framework/base/CComponent.php:173
Stack trace:
#0 /var/www/html/yii_test/yii/framework/validators/CValidator.php(177): CComponent->__set('0', 'required')
#1 /var/www/html/yii_test/yii/framework/base/CModel.php(287): CValidator::createValidator(0, Object(Users), Array, Array)
#2 /var/www/html/yii_test/yii/framework/base/CModel.php(260): CModel->createValidators()
#3 /var/www/html/yii_test/yii/framework/base/CModel.php(304): CModel->getValidators('name')
#4 /var/www/html/yii_test/yii/framework/web/helpers/CHtml.php(1520): CModel->isAttributeRequired('name')
#5 /var/www/html/yii_test/yii/framework/web/widgets/CActiveForm.php(600): CHtml::activeLabelEx(Object(Users), 'name', Array)
#6 /var/www/html/test_yii/protected/views/site/_form.php(23): CActiveForm->labelEx(Object(Users), 'name')
#7 /var/www/html/yii_test/yii/framework/web/CBaseController.php(126): require('/var/www/html/t...')
#8 /var/www/html/yii_test/yii/framework/web/CBaseController.php(95): CBaseController->renderInternal('/var/www/html/t...', Array, true)
#9 /var/www/html/yii_test/yii/framework/web/CController.php(872): CBaseController->renderFile('/var/www/html/t...', Array, true)
#10 /var/www/html/test_yii/protected/views/site/index.php(18): CController->renderPartial('_form', Array)
#11 /var/www/html/yii_test/yii/framework/web/CBaseController.php(126): require('/var/www/html/t...')
#12 /var/www/html/yii_test/yii/framework/web/CBaseController.php(95): CBaseController->renderInternal('/var/www/html/t...', Array, true)
#13 /var/www/html/yii_test/yii/framework/web/CController.php(872): CBaseController->renderFile('/var/www/html/t...', Array, true)
#14 /var/www/html/yii_test/yii/framework/web/CController.php(785): CController->renderPartial('index', Array, true)
#15 /var/www/html/test_yii/protected/controllers/SiteController.php(43): CController->render('index', Array)
#16 /var/www/html/yii_test/yii/framework/web/actions/CInlineAction.php(49): SiteController->actionIndex()
#17 /var/www/html/yii_test/yii/framework/web/CController.php(308): CInlineAction->runWithParams(Array)
#18 /var/www/html/yii_test/yii/framework/web/CController.php(286): CController->runAction(Object(CInlineAction))
#19 /var/www/html/yii_test/yii/framework/web/CController.php(265): CController->runActionWithFilters(Object(CInlineAction), Array)
#20 /var/www/html/yii_test/yii/framework/web/CWebApplication.php(282): CController->run('index')
#21 /var/www/html/yii_test/yii/framework/web/CWebApplication.php(141): CWebApplication->runController('site/index')
#22 /var/www/html/yii_test/yii/framework/base/CApplication.php(185): CWebApplication->processRequest()
#23 /var/www/html/test_yii/index.php(13): CApplication->run()
#24 {main}
REQUEST_URI=/test_yii/index.php?r=site/index
HTTP_REFERER=http://localhost/test_yii/index.php?r=site/login
---
2019/01/26 15:41:45 [error] [exception.CException] CException: Property "CSafeValidator.0" is not defined. in /var/www/html/yii_test/yii/framework/base/CComponent.php:173
Stack trace:
#0 /var/www/html/yii_test/yii/framework/validators/CValidator.php(177): CComponent->__set('0', 'required')
#1 /var/www/html/yii_test/yii/framework/base/CModel.php(287): CValidator::createValidator(0, Object(Users), Array, Array)
#2 /var/www/html/yii_test/yii/framework/base/CModel.php(260): CModel->createValidators()
#3 /var/www/html/yii_test/yii/framework/base/CModel.php(304): CModel->getValidators('name')
#4 /var/www/html/yii_test/yii/framework/web/helpers/CHtml.php(1520): CModel->isAttributeRequired('name')
#5 /var/www/html/yii_test/yii/framework/web/widgets/CActiveForm.php(600): CHtml::activeLabelEx(Object(Users), 'name', Array)
#6 /var/www/html/test_yii/protected/views/site/_form.php(23): CActiveForm->labelEx(Object(Users), 'name')
#7 /var/www/html/yii_test/yii/framework/web/CBaseController.php(126): require('/var/www/html/t...')
#8 /var/www/html/yii_test/yii/framework/web/CBaseController.php(95): CBaseController->renderInternal('/var/www/html/t...', Array, true)
#9 /var/www/html/yii_test/yii/framework/web/CController.php(872): CBaseController->renderFile('/var/www/html/t...', Array, true)
#10 /var/www/html/test_yii/protected/views/site/index.php(18): CController->renderPartial('_form', Array)
#11 /var/www/html/yii_test/yii/framework/web/CBaseController.php(126): require('/var/www/html/t...')
#12 /var/www/html/yii_test/yii/framework/web/CBaseController.php(95): CBaseController->renderInternal('/var/www/html/t...', Array, true)
#13 /var/www/html/yii_test/yii/framework/web/CController.php(872): CBaseController->renderFile('/var/www/html/t...', Array, true)
#14 /var/www/html/yii_test/yii/framework/web/CController.php(785): CController->renderPartial('index', Array, true)
#15 /var/www/html/test_yii/protected/controllers/SiteController.php(43): CController->render('index', Array)
#16 /var/www/html/yii_test/yii/framework/web/actions/CInlineAction.php(49): SiteController->actionIndex()
#17 /var/www/html/yii_test/yii/framework/web/CController.php(308): CInlineAction->runWithParams(Array)
#18 /var/www/html/yii_test/yii/framework/web/CController.php(286): CController->runAction(Object(CInlineAction))
#19 /var/www/html/yii_test/yii/framework/web/CController.php(265): CController->runActionWithFilters(Object(CInlineAction), Array)
#20 /var/www/html/yii_test/yii/framework/web/CWebApplication.php(282): CController->run('')
#21 /var/www/html/yii_test/yii/framework/web/CWebApplication.php(141): CWebApplication->runController('')
#22 /var/www/html/yii_test/yii/framework/base/CApplication.php(185): CWebApplication->processRequest()
#23 /var/www/html/test_yii/index.php(13): CApplication->run()
#24 {main}
REQUEST_URI=/test_yii/index.php
HTTP_REFERER=http://localhost/test_yii/index.php?r=site/login
---
2019/01/26 15:42:13 [error] [exception.CException] CException: Property "CSafeValidator.0" is not defined. in /var/www/html/yii_test/yii/framework/base/CComponent.php:173
Stack trace:
#0 /var/www/html/yii_test/yii/framework/validators/CValidator.php(177): CComponent->__set('0', 'required')
#1 /var/www/html/yii_test/yii/framework/base/CModel.php(287): CValidator::createValidator(0, Object(Users), Array, Array)
#2 /var/www/html/yii_test/yii/framework/base/CModel.php(260): CModel->createValidators()
#3 /var/www/html/yii_test/yii/framework/base/CModel.php(304): CModel->getValidators('name')
#4 /var/www/html/yii_test/yii/framework/web/helpers/CHtml.php(1520): CModel->isAttributeRequired('name')
#5 /var/www/html/yii_test/yii/framework/web/widgets/CActiveForm.php(600): CHtml::activeLabelEx(Object(Users), 'name', Array)
#6 /var/www/html/test_yii/protected/views/site/_form.php(23): CActiveForm->labelEx(Object(Users), 'name')
#7 /var/www/html/yii_test/yii/framework/web/CBaseController.php(126): require('/var/www/html/t...')
#8 /var/www/html/yii_test/yii/framework/web/CBaseController.php(95): CBaseController->renderInternal('/var/www/html/t...', Array, true)
#9 /var/www/html/yii_test/yii/framework/web/CController.php(872): CBaseController->renderFile('/var/www/html/t...', Array, true)
#10 /var/www/html/test_yii/protected/views/site/index.php(18): CController->renderPartial('_form', Array)
#11 /var/www/html/yii_test/yii/framework/web/CBaseController.php(126): require('/var/www/html/t...')
#12 /var/www/html/yii_test/yii/framework/web/CBaseController.php(95): CBaseController->renderInternal('/var/www/html/t...', Array, true)
#13 /var/www/html/yii_test/yii/framework/web/CController.php(872): CBaseController->renderFile('/var/www/html/t...', Array, true)
#14 /var/www/html/yii_test/yii/framework/web/CController.php(785): CController->renderPartial('index', Array, true)
#15 /var/www/html/test_yii/protected/controllers/SiteController.php(43): CController->render('index', Array)
#16 /var/www/html/yii_test/yii/framework/web/actions/CInlineAction.php(49): SiteController->actionIndex()
#17 /var/www/html/yii_test/yii/framework/web/CController.php(308): CInlineAction->runWithParams(Array)
#18 /var/www/html/yii_test/yii/framework/web/CController.php(286): CController->runAction(Object(CInlineAction))
#19 /var/www/html/yii_test/yii/framework/web/CController.php(265): CController->runActionWithFilters(Object(CInlineAction), Array)
#20 /var/www/html/yii_test/yii/framework/web/CWebApplication.php(282): CController->run('')
#21 /var/www/html/yii_test/yii/framework/web/CWebApplication.php(141): CWebApplication->runController('')
#22 /var/www/html/yii_test/yii/framework/base/CApplication.php(185): CWebApplication->processRequest()
#23 /var/www/html/test_yii/index.php(13): CApplication->run()
#24 {main}
REQUEST_URI=/test_yii/index.php
HTTP_REFERER=http://localhost/test_yii/index.php?r=site/login
---
2019/01/26 15:42:13 [error] [exception.CException] CException: Property "CSafeValidator.0" is not defined. in /var/www/html/yii_test/yii/framework/base/CComponent.php:173
Stack trace:
#0 /var/www/html/yii_test/yii/framework/validators/CValidator.php(177): CComponent->__set('0', 'required')
#1 /var/www/html/yii_test/yii/framework/base/CModel.php(287): CValidator::createValidator(0, Object(Users), Array, Array)
#2 /var/www/html/yii_test/yii/framework/base/CModel.php(260): CModel->createValidators()
#3 /var/www/html/yii_test/yii/framework/base/CModel.php(304): CModel->getValidators('name')
#4 /var/www/html/yii_test/yii/framework/web/helpers/CHtml.php(1520): CModel->isAttributeRequired('name')
#5 /var/www/html/yii_test/yii/framework/web/widgets/CActiveForm.php(600): CHtml::activeLabelEx(Object(Users), 'name', Array)
#6 /var/www/html/test_yii/protected/views/site/_form.php(23): CActiveForm->labelEx(Object(Users), 'name')
#7 /var/www/html/yii_test/yii/framework/web/CBaseController.php(126): require('/var/www/html/t...')
#8 /var/www/html/yii_test/yii/framework/web/CBaseController.php(95): CBaseController->renderInternal('/var/www/html/t...', Array, true)
#9 /var/www/html/yii_test/yii/framework/web/CController.php(872): CBaseController->renderFile('/var/www/html/t...', Array, true)
#10 /var/www/html/test_yii/protected/views/site/index.php(18): CController->renderPartial('_form', Array)
#11 /var/www/html/yii_test/yii/framework/web/CBaseController.php(126): require('/var/www/html/t...')
#12 /var/www/html/yii_test/yii/framework/web/CBaseController.php(95): CBaseController->renderInternal('/var/www/html/t...', Array, true)
#13 /var/www/html/yii_test/yii/framework/web/CController.php(872): CBaseController->renderFile('/var/www/html/t...', Array, true)
#14 /var/www/html/yii_test/yii/framework/web/CController.php(785): CController->renderPartial('index', Array, true)
#15 /var/www/html/test_yii/protected/controllers/SiteController.php(43): CController->render('index', Array)
#16 /var/www/html/yii_test/yii/framework/web/actions/CInlineAction.php(49): SiteController->actionIndex()
#17 /var/www/html/yii_test/yii/framework/web/CController.php(308): CInlineAction->runWithParams(Array)
#18 /var/www/html/yii_test/yii/framework/web/CController.php(286): CController->runAction(Object(CInlineAction))
#19 /var/www/html/yii_test/yii/framework/web/CController.php(265): CController->runActionWithFilters(Object(CInlineAction), Array)
#20 /var/www/html/yii_test/yii/framework/web/CWebApplication.php(282): CController->run('')
#21 /var/www/html/yii_test/yii/framework/web/CWebApplication.php(141): CWebApplication->runController('')
#22 /var/www/html/yii_test/yii/framework/base/CApplication.php(185): CWebApplication->processRequest()
#23 /var/www/html/test_yii/index.php(13): CApplication->run()
#24 {main}
REQUEST_URI=/test_yii/index.php
HTTP_REFERER=http://localhost/test_yii/index.php?r=site/login
---
2019/01/26 15:42:14 [error] [exception.CException] CException: Property "CSafeValidator.0" is not defined. in /var/www/html/yii_test/yii/framework/base/CComponent.php:173
Stack trace:
#0 /var/www/html/yii_test/yii/framework/validators/CValidator.php(177): CComponent->__set('0', 'required')
#1 /var/www/html/yii_test/yii/framework/base/CModel.php(287): CValidator::createValidator(0, Object(Users), Array, Array)
#2 /var/www/html/yii_test/yii/framework/base/CModel.php(260): CModel->createValidators()
#3 /var/www/html/yii_test/yii/framework/base/CModel.php(304): CModel->getValidators('name')
#4 /var/www/html/yii_test/yii/framework/web/helpers/CHtml.php(1520): CModel->isAttributeRequired('name')
#5 /var/www/html/yii_test/yii/framework/web/widgets/CActiveForm.php(600): CHtml::activeLabelEx(Object(Users), 'name', Array)
#6 /var/www/html/test_yii/protected/views/site/_form.php(23): CActiveForm->labelEx(Object(Users), 'name')
#7 /var/www/html/yii_test/yii/framework/web/CBaseController.php(126): require('/var/www/html/t...')
#8 /var/www/html/yii_test/yii/framework/web/CBaseController.php(95): CBaseController->renderInternal('/var/www/html/t...', Array, true)
#9 /var/www/html/yii_test/yii/framework/web/CController.php(872): CBaseController->renderFile('/var/www/html/t...', Array, true)
#10 /var/www/html/test_yii/protected/views/site/index.php(18): CController->renderPartial('_form', Array)
#11 /var/www/html/yii_test/yii/framework/web/CBaseController.php(126): require('/var/www/html/t...')
#12 /var/www/html/yii_test/yii/framework/web/CBaseController.php(95): CBaseController->renderInternal('/var/www/html/t...', Array, true)
#13 /var/www/html/yii_test/yii/framework/web/CController.php(872): CBaseController->renderFile('/var/www/html/t...', Array, true)
#14 /var/www/html/yii_test/yii/framework/web/CController.php(785): CController->renderPartial('index', Array, true)
#15 /var/www/html/test_yii/protected/controllers/SiteController.php(43): CController->render('index', Array)
#16 /var/www/html/yii_test/yii/framework/web/actions/CInlineAction.php(49): SiteController->actionIndex()
#17 /var/www/html/yii_test/yii/framework/web/CController.php(308): CInlineAction->runWithParams(Array)
#18 /var/www/html/yii_test/yii/framework/web/CController.php(286): CController->runAction(Object(CInlineAction))
#19 /var/www/html/yii_test/yii/framework/web/CController.php(265): CController->runActionWithFilters(Object(CInlineAction), Array)
#20 /var/www/html/yii_test/yii/framework/web/CWebApplication.php(282): CController->run('')
#21 /var/www/html/yii_test/yii/framework/web/CWebApplication.php(141): CWebApplication->runController('')
#22 /var/www/html/yii_test/yii/framework/base/CApplication.php(185): CWebApplication->processRequest()
#23 /var/www/html/test_yii/index.php(13): CApplication->run()
#24 {main}
REQUEST_URI=/test_yii/index.php
HTTP_REFERER=http://localhost/test_yii/index.php?r=site/login
---
2019/01/26 15:42:20 [error] [exception.CException] CException: Property "CSafeValidator.0" is not defined. in /var/www/html/yii_test/yii/framework/base/CComponent.php:173
Stack trace:
#0 /var/www/html/yii_test/yii/framework/validators/CValidator.php(177): CComponent->__set('0', 'required')
#1 /var/www/html/yii_test/yii/framework/base/CModel.php(287): CValidator::createValidator(0, Object(Users), Array, Array)
#2 /var/www/html/yii_test/yii/framework/base/CModel.php(260): CModel->createValidators()
#3 /var/www/html/yii_test/yii/framework/base/CModel.php(304): CModel->getValidators('name')
#4 /var/www/html/yii_test/yii/framework/web/helpers/CHtml.php(1520): CModel->isAttributeRequired('name')
#5 /var/www/html/yii_test/yii/framework/web/widgets/CActiveForm.php(600): CHtml::activeLabelEx(Object(Users), 'name', Array)
#6 /var/www/html/test_yii/protected/views/site/_form.php(23): CActiveForm->labelEx(Object(Users), 'name')
#7 /var/www/html/yii_test/yii/framework/web/CBaseController.php(126): require('/var/www/html/t...')
#8 /var/www/html/yii_test/yii/framework/web/CBaseController.php(95): CBaseController->renderInternal('/var/www/html/t...', Array, true)
#9 /var/www/html/yii_test/yii/framework/web/CController.php(872): CBaseController->renderFile('/var/www/html/t...', Array, true)
#10 /var/www/html/test_yii/protected/views/site/index.php(18): CController->renderPartial('_form', Array)
#11 /var/www/html/yii_test/yii/framework/web/CBaseController.php(126): require('/var/www/html/t...')
#12 /var/www/html/yii_test/yii/framework/web/CBaseController.php(95): CBaseController->renderInternal('/var/www/html/t...', Array, true)
#13 /var/www/html/yii_test/yii/framework/web/CController.php(872): CBaseController->renderFile('/var/www/html/t...', Array, true)
#14 /var/www/html/yii_test/yii/framework/web/CController.php(785): CController->renderPartial('index', Array, true)
#15 /var/www/html/test_yii/protected/controllers/SiteController.php(43): CController->render('index', Array)
#16 /var/www/html/yii_test/yii/framework/web/actions/CInlineAction.php(49): SiteController->actionIndex()
#17 /var/www/html/yii_test/yii/framework/web/CController.php(308): CInlineAction->runWithParams(Array)
#18 /var/www/html/yii_test/yii/framework/web/CController.php(286): CController->runAction(Object(CInlineAction))
#19 /var/www/html/yii_test/yii/framework/web/CController.php(265): CController->runActionWithFilters(Object(CInlineAction), Array)
#20 /var/www/html/yii_test/yii/framework/web/CWebApplication.php(282): CController->run('')
#21 /var/www/html/yii_test/yii/framework/web/CWebApplication.php(141): CWebApplication->runController('')
#22 /var/www/html/yii_test/yii/framework/base/CApplication.php(185): CWebApplication->processRequest()
#23 /var/www/html/test_yii/index.php(13): CApplication->run()
#24 {main}
REQUEST_URI=/test_yii/index.php
HTTP_REFERER=http://localhost/test_yii/index.php?r=site/login
---
2019/01/26 15:42:21 [error] [exception.CException] CException: Property "CSafeValidator.0" is not defined. in /var/www/html/yii_test/yii/framework/base/CComponent.php:173
Stack trace:
#0 /var/www/html/yii_test/yii/framework/validators/CValidator.php(177): CComponent->__set('0', 'required')
#1 /var/www/html/yii_test/yii/framework/base/CModel.php(287): CValidator::createValidator(0, Object(Users), Array, Array)
#2 /var/www/html/yii_test/yii/framework/base/CModel.php(260): CModel->createValidators()
#3 /var/www/html/yii_test/yii/framework/base/CModel.php(304): CModel->getValidators('name')
#4 /var/www/html/yii_test/yii/framework/web/helpers/CHtml.php(1520): CModel->isAttributeRequired('name')
#5 /var/www/html/yii_test/yii/framework/web/widgets/CActiveForm.php(600): CHtml::activeLabelEx(Object(Users), 'name', Array)
#6 /var/www/html/test_yii/protected/views/site/_form.php(23): CActiveForm->labelEx(Object(Users), 'name')
#7 /var/www/html/yii_test/yii/framework/web/CBaseController.php(126): require('/var/www/html/t...')
#8 /var/www/html/yii_test/yii/framework/web/CBaseController.php(95): CBaseController->renderInternal('/var/www/html/t...', Array, true)
#9 /var/www/html/yii_test/yii/framework/web/CController.php(872): CBaseController->renderFile('/var/www/html/t...', Array, true)
#10 /var/www/html/test_yii/protected/views/site/index.php(18): CController->renderPartial('_form', Array)
#11 /var/www/html/yii_test/yii/framework/web/CBaseController.php(126): require('/var/www/html/t...')
#12 /var/www/html/yii_test/yii/framework/web/CBaseController.php(95): CBaseController->renderInternal('/var/www/html/t...', Array, true)
#13 /var/www/html/yii_test/yii/framework/web/CController.php(872): CBaseController->renderFile('/var/www/html/t...', Array, true)
#14 /var/www/html/yii_test/yii/framework/web/CController.php(785): CController->renderPartial('index', Array, true)
#15 /var/www/html/test_yii/protected/controllers/SiteController.php(43): CController->render('index', Array)
#16 /var/www/html/yii_test/yii/framework/web/actions/CInlineAction.php(49): SiteController->actionIndex()
#17 /var/www/html/yii_test/yii/framework/web/CController.php(308): CInlineAction->runWithParams(Array)
#18 /var/www/html/yii_test/yii/framework/web/CController.php(286): CController->runAction(Object(CInlineAction))
#19 /var/www/html/yii_test/yii/framework/web/CController.php(265): CController->runActionWithFilters(Object(CInlineAction), Array)
#20 /var/www/html/yii_test/yii/framework/web/CWebApplication.php(282): CController->run('')
#21 /var/www/html/yii_test/yii/framework/web/CWebApplication.php(141): CWebApplication->runController('')
#22 /var/www/html/yii_test/yii/framework/base/CApplication.php(185): CWebApplication->processRequest()
#23 /var/www/html/test_yii/index.php(13): CApplication->run()
#24 {main}
REQUEST_URI=/test_yii/index.php
HTTP_REFERER=http://localhost/test_yii/index.php?r=site/login
---
2019/01/26 15:42:47 [error] [exception.CException] CException: Property "CSafeValidator.0" is not defined. in /var/www/html/yii_test/yii/framework/base/CComponent.php:173
Stack trace:
#0 /var/www/html/yii_test/yii/framework/validators/CValidator.php(177): CComponent->__set('0', 'required')
#1 /var/www/html/yii_test/yii/framework/base/CModel.php(287): CValidator::createValidator(0, Object(Users), Array, Array)
#2 /var/www/html/yii_test/yii/framework/base/CModel.php(260): CModel->createValidators()
#3 /var/www/html/yii_test/yii/framework/base/CModel.php(304): CModel->getValidators('name')
#4 /var/www/html/yii_test/yii/framework/web/helpers/CHtml.php(1520): CModel->isAttributeRequired('name')
#5 /var/www/html/yii_test/yii/framework/web/widgets/CActiveForm.php(600): CHtml::activeLabelEx(Object(Users), 'name', Array)
#6 /var/www/html/test_yii/protected/views/site/_form.php(23): CActiveForm->labelEx(Object(Users), 'name')
#7 /var/www/html/yii_test/yii/framework/web/CBaseController.php(126): require('/var/www/html/t...')
#8 /var/www/html/yii_test/yii/framework/web/CBaseController.php(95): CBaseController->renderInternal('/var/www/html/t...', Array, true)
#9 /var/www/html/yii_test/yii/framework/web/CController.php(872): CBaseController->renderFile('/var/www/html/t...', Array, true)
#10 /var/www/html/test_yii/protected/views/site/index.php(18): CController->renderPartial('_form', Array)
#11 /var/www/html/yii_test/yii/framework/web/CBaseController.php(126): require('/var/www/html/t...')
#12 /var/www/html/yii_test/yii/framework/web/CBaseController.php(95): CBaseController->renderInternal('/var/www/html/t...', Array, true)
#13 /var/www/html/yii_test/yii/framework/web/CController.php(872): CBaseController->renderFile('/var/www/html/t...', Array, true)
#14 /var/www/html/yii_test/yii/framework/web/CController.php(785): CController->renderPartial('index', Array, true)
#15 /var/www/html/test_yii/protected/controllers/SiteController.php(43): CController->render('index', Array)
#16 /var/www/html/yii_test/yii/framework/web/actions/CInlineAction.php(49): SiteController->actionIndex()
#17 /var/www/html/yii_test/yii/framework/web/CController.php(308): CInlineAction->runWithParams(Array)
#18 /var/www/html/yii_test/yii/framework/web/CController.php(286): CController->runAction(Object(CInlineAction))
#19 /var/www/html/yii_test/yii/framework/web/CController.php(265): CController->runActionWithFilters(Object(CInlineAction), Array)
#20 /var/www/html/yii_test/yii/framework/web/CWebApplication.php(282): CController->run('')
#21 /var/www/html/yii_test/yii/framework/web/CWebApplication.php(141): CWebApplication->runController('')
#22 /var/www/html/yii_test/yii/framework/base/CApplication.php(185): CWebApplication->processRequest()
#23 /var/www/html/test_yii/index.php(13): CApplication->run()
#24 {main}
REQUEST_URI=/test_yii/index.php
HTTP_REFERER=http://localhost/test_yii/index.php?r=site/login
---
2019/01/26 15:42:47 [error] [exception.CException] CException: Property "CSafeValidator.0" is not defined. in /var/www/html/yii_test/yii/framework/base/CComponent.php:173
Stack trace:
#0 /var/www/html/yii_test/yii/framework/validators/CValidator.php(177): CComponent->__set('0', 'required')
#1 /var/www/html/yii_test/yii/framework/base/CModel.php(287): CValidator::createValidator(0, Object(Users), Array, Array)
#2 /var/www/html/yii_test/yii/framework/base/CModel.php(260): CModel->createValidators()
#3 /var/www/html/yii_test/yii/framework/base/CModel.php(304): CModel->getValidators('name')
#4 /var/www/html/yii_test/yii/framework/web/helpers/CHtml.php(1520): CModel->isAttributeRequired('name')
#5 /var/www/html/yii_test/yii/framework/web/widgets/CActiveForm.php(600): CHtml::activeLabelEx(Object(Users), 'name', Array)
#6 /var/www/html/test_yii/protected/views/site/_form.php(23): CActiveForm->labelEx(Object(Users), 'name')
#7 /var/www/html/yii_test/yii/framework/web/CBaseController.php(126): require('/var/www/html/t...')
#8 /var/www/html/yii_test/yii/framework/web/CBaseController.php(95): CBaseController->renderInternal('/var/www/html/t...', Array, true)
#9 /var/www/html/yii_test/yii/framework/web/CController.php(872): CBaseController->renderFile('/var/www/html/t...', Array, true)
#10 /var/www/html/test_yii/protected/views/site/index.php(18): CController->renderPartial('_form', Array)
#11 /var/www/html/yii_test/yii/framework/web/CBaseController.php(126): require('/var/www/html/t...')
#12 /var/www/html/yii_test/yii/framework/web/CBaseController.php(95): CBaseController->renderInternal('/var/www/html/t...', Array, true)
#13 /var/www/html/yii_test/yii/framework/web/CController.php(872): CBaseController->renderFile('/var/www/html/t...', Array, true)
#14 /var/www/html/yii_test/yii/framework/web/CController.php(785): CController->renderPartial('index', Array, true)
#15 /var/www/html/test_yii/protected/controllers/SiteController.php(43): CController->render('index', Array)
#16 /var/www/html/yii_test/yii/framework/web/actions/CInlineAction.php(49): SiteController->actionIndex()
#17 /var/www/html/yii_test/yii/framework/web/CController.php(308): CInlineAction->runWithParams(Array)
#18 /var/www/html/yii_test/yii/framework/web/CController.php(286): CController->runAction(Object(CInlineAction))
#19 /var/www/html/yii_test/yii/framework/web/CController.php(265): CController->runActionWithFilters(Object(CInlineAction), Array)
#20 /var/www/html/yii_test/yii/framework/web/CWebApplication.php(282): CController->run('')
#21 /var/www/html/yii_test/yii/framework/web/CWebApplication.php(141): CWebApplication->runController('')
#22 /var/www/html/yii_test/yii/framework/base/CApplication.php(185): CWebApplication->processRequest()
#23 /var/www/html/test_yii/index.php(13): CApplication->run()
#24 {main}
REQUEST_URI=/test_yii/index.php
HTTP_REFERER=http://localhost/test_yii/index.php?r=site/login
---
2019/01/26 17:51:01 [error] [exception.Error] Error: Access to undeclared static property: Yii::$app in /var/www/html/test_yii/protected/controllers/SiteController.php:41
Stack trace:
#0 /var/www/html/yii_test/yii/framework/web/actions/CInlineAction.php(49): SiteController->actionIndex()
#1 /var/www/html/yii_test/yii/framework/web/CController.php(308): CInlineAction->runWithParams(Array)
#2 /var/www/html/yii_test/yii/framework/web/CController.php(286): CController->runAction(Object(CInlineAction))
#3 /var/www/html/yii_test/yii/framework/web/CController.php(265): CController->runActionWithFilters(Object(CInlineAction), Array)
#4 /var/www/html/yii_test/yii/framework/web/CWebApplication.php(282): CController->run('index')
#5 /var/www/html/yii_test/yii/framework/web/CWebApplication.php(141): CWebApplication->runController('site/index')
#6 /var/www/html/yii_test/yii/framework/base/CApplication.php(185): CWebApplication->processRequest()
#7 /var/www/html/test_yii/index.php(13): CApplication->run()
#8 {main}
REQUEST_URI=/test_yii/index.php?r=site/index
HTTP_REFERER=http://localhost/test_yii/index.php?r=site/index
---
2019/01/26 17:52:37 [error] [exception.Error] Error: Access to undeclared static property: Yii::$app in /var/www/html/test_yii/protected/controllers/SiteController.php:41
Stack trace:
#0 /var/www/html/yii_test/yii/framework/web/actions/CInlineAction.php(49): SiteController->actionIndex()
#1 /var/www/html/yii_test/yii/framework/web/CController.php(308): CInlineAction->runWithParams(Array)
#2 /var/www/html/yii_test/yii/framework/web/CController.php(286): CController->runAction(Object(CInlineAction))
#3 /var/www/html/yii_test/yii/framework/web/CController.php(265): CController->runActionWithFilters(Object(CInlineAction), Array)
#4 /var/www/html/yii_test/yii/framework/web/CWebApplication.php(282): CController->run('index')
#5 /var/www/html/yii_test/yii/framework/web/CWebApplication.php(141): CWebApplication->runController('site/index')
#6 /var/www/html/yii_test/yii/framework/base/CApplication.php(185): CWebApplication->processRequest()
#7 /var/www/html/test_yii/index.php(13): CApplication->run()
#8 {main}
REQUEST_URI=/test_yii/index.php?r=site/index
HTTP_REFERER=http://localhost/test_yii/index.php?r=site/index
---
2019/01/26 18:01:06 [error] [exception.Error] Error: Access to undeclared static property: Yii::$app in /var/www/html/test_yii/protected/controllers/SiteController.php:41
Stack trace:
#0 /var/www/html/yii_test/yii/framework/web/actions/CInlineAction.php(49): SiteController->actionIndex()
#1 /var/www/html/yii_test/yii/framework/web/CController.php(308): CInlineAction->runWithParams(Array)
#2 /var/www/html/yii_test/yii/framework/web/CController.php(286): CController->runAction(Object(CInlineAction))
#3 /var/www/html/yii_test/yii/framework/web/CController.php(265): CController->runActionWithFilters(Object(CInlineAction), Array)
#4 /var/www/html/yii_test/yii/framework/web/CWebApplication.php(282): CController->run('index')
#5 /var/www/html/yii_test/yii/framework/web/CWebApplication.php(141): CWebApplication->runController('site/index')
#6 /var/www/html/yii_test/yii/framework/base/CApplication.php(185): CWebApplication->processRequest()
#7 /var/www/html/test_yii/index.php(13): CApplication->run()
#8 {main}
REQUEST_URI=/test_yii/index.php?r=site/index
HTTP_REFERER=http://localhost/test_yii/index.php?r=site/index
---
2019/01/26 18:01:23 [error] [php] Undefined variable: model (/var/www/html/test_yii/protected/views/site/view.php:7)
Stack trace:
#0 /var/www/html/yii_test/yii/framework/web/CController.php(872): SiteController->renderFile()
#1 /var/www/html/yii_test/yii/framework/web/CController.php(785): SiteController->renderPartial()
#2 /var/www/html/test_yii/protected/controllers/SiteController.php(43): SiteController->render()
#3 /var/www/html/yii_test/yii/framework/web/actions/CInlineAction.php(49): SiteController->actionIndex()
#4 /var/www/html/yii_test/yii/framework/web/CController.php(308): CInlineAction->runWithParams()
#5 /var/www/html/yii_test/yii/framework/web/CController.php(286): SiteController->runAction()
#6 /var/www/html/yii_test/yii/framework/web/CController.php(265): SiteController->runActionWithFilters()
#7 /var/www/html/yii_test/yii/framework/web/CWebApplication.php(282): SiteController->run()
#8 /var/www/html/yii_test/yii/framework/web/CWebApplication.php(141): CWebApplication->runController()
#9 /var/www/html/yii_test/yii/framework/base/CApplication.php(185): CWebApplication->processRequest()
#10 /var/www/html/test_yii/index.php(13): CWebApplication->run()
REQUEST_URI=/test_yii/index.php?r=site/index
in /var/www/html/test_yii/protected/views/site/view.php (7)
in /var/www/html/test_yii/protected/controllers/SiteController.php (43)
in /var/www/html/test_yii/index.php (13)
2019/01/26 18:03:05 [error] [exception.Error] Error: Access to undeclared static property: Yii::$app in /var/www/html/test_yii/protected/controllers/SiteController.php:41
Stack trace:
#0 /var/www/html/yii_test/yii/framework/web/actions/CInlineAction.php(49): SiteController->actionIndex()
#1 /var/www/html/yii_test/yii/framework/web/CController.php(308): CInlineAction->runWithParams(Array)
#2 /var/www/html/yii_test/yii/framework/web/CController.php(286): CController->runAction(Object(CInlineAction))
#3 /var/www/html/yii_test/yii/framework/web/CController.php(265): CController->runActionWithFilters(Object(CInlineAction), Array)
#4 /var/www/html/yii_test/yii/framework/web/CWebApplication.php(282): CController->run('index')
#5 /var/www/html/yii_test/yii/framework/web/CWebApplication.php(141): CWebApplication->runController('site/index')
#6 /var/www/html/yii_test/yii/framework/base/CApplication.php(185): CWebApplication->processRequest()
#7 /var/www/html/test_yii/index.php(13): CApplication->run()
#8 {main}
REQUEST_URI=/test_yii/index.php?r=site/index
HTTP_REFERER=http://localhost/test_yii/index.php?r=site/index
---
2019/01/26 18:03:30 [error] [php] Undefined variable: model (/var/www/html/test_yii/protected/views/site/view.php:7)
Stack trace:
#0 /var/www/html/yii_test/yii/framework/web/CController.php(872): SiteController->renderFile()
#1 /var/www/html/yii_test/yii/framework/web/CController.php(785): SiteController->renderPartial()
#2 /var/www/html/test_yii/protected/controllers/SiteController.php(43): SiteController->render()
#3 /var/www/html/yii_test/yii/framework/web/actions/CInlineAction.php(49): SiteController->actionIndex()
#4 /var/www/html/yii_test/yii/framework/web/CController.php(308): CInlineAction->runWithParams()
#5 /var/www/html/yii_test/yii/framework/web/CController.php(286): SiteController->runAction()
#6 /var/www/html/yii_test/yii/framework/web/CController.php(265): SiteController->runActionWithFilters()
#7 /var/www/html/yii_test/yii/framework/web/CWebApplication.php(282): SiteController->run()
#8 /var/www/html/yii_test/yii/framework/web/CWebApplication.php(141): CWebApplication->runController()
#9 /var/www/html/yii_test/yii/framework/base/CApplication.php(185): CWebApplication->processRequest()
#10 /var/www/html/test_yii/index.php(13): CWebApplication->run()
REQUEST_URI=/test_yii/index.php?r=site/index
in /var/www/html/test_yii/protected/views/site/view.php (7)
in /var/www/html/test_yii/protected/controllers/SiteController.php (43)
in /var/www/html/test_yii/index.php (13)
2019/01/26 18:06:57 [error] [exception.CHttpException.400] CHttpException: Your request is invalid. in /var/www/html/yii_test/yii/framework/web/CController.php:337
Stack trace:
#0 /var/www/html/yii_test/yii/framework/web/CController.php(309): CController->invalidActionParams(Object(CInlineAction))
#1 /var/www/html/yii_test/yii/framework/web/CController.php(286): CController->runAction(Object(CInlineAction))
#2 /var/www/html/yii_test/yii/framework/web/CController.php(265): CController->runActionWithFilters(Object(CInlineAction), Array)
#3 /var/www/html/yii_test/yii/framework/web/CWebApplication.php(282): CController->run('view')
#4 /var/www/html/yii_test/yii/framework/web/CWebApplication.php(141): CWebApplication->runController('site/view')
#5 /var/www/html/yii_test/yii/framework/base/CApplication.php(185): CWebApplication->processRequest()
#6 /var/www/html/test_yii/index.php(13): CApplication->run()
#7 {main}
REQUEST_URI=/test_yii/index.php?r=site/view&result%5Bid%5D=13&result%5Bsum%5D=10&result%5Bpercent%5D=20%25&result%5Bip%5D=127.0.0.1
HTTP_REFERER=http://localhost/test_yii/index.php?r=site/index
---
2019/01/26 18:07:45 [error] [exception.CHttpException.400] CHttpException: Your request is invalid. in /var/www/html/yii_test/yii/framework/web/CController.php:337
Stack trace:
#0 /var/www/html/yii_test/yii/framework/web/CController.php(309): CController->invalidActionParams(Object(CInlineAction))
#1 /var/www/html/yii_test/yii/framework/web/CController.php(286): CController->runAction(Object(CInlineAction))
#2 /var/www/html/yii_test/yii/framework/web/CController.php(265): CController->runActionWithFilters(Object(CInlineAction), Array)
#3 /var/www/html/yii_test/yii/framework/web/CWebApplication.php(282): CController->run('view')
#4 /var/www/html/yii_test/yii/framework/web/CWebApplication.php(141): CWebApplication->runController('site/view')
#5 /var/www/html/yii_test/yii/framework/base/CApplication.php(185): CWebApplication->processRequest()
#6 /var/www/html/test_yii/index.php(13): CApplication->run()
#7 {main}
REQUEST_URI=/test_yii/index.php?r=site/view&result%5Bid%5D=13&result%5Bsum%5D=10&result%5Bpercent%5D=20%25&result%5Bip%5D=127.0.0.1
HTTP_REFERER=http://localhost/test_yii/index.php?r=site/index
---
2019/01/26 18:07:47 [error] [exception.CHttpException.400] CHttpException: Your request is invalid. in /var/www/html/yii_test/yii/framework/web/CController.php:337
Stack trace:
#0 /var/www/html/yii_test/yii/framework/web/CController.php(309): CController->invalidActionParams(Object(CInlineAction))
#1 /var/www/html/yii_test/yii/framework/web/CController.php(286): CController->runAction(Object(CInlineAction))
#2 /var/www/html/yii_test/yii/framework/web/CController.php(265): CController->runActionWithFilters(Object(CInlineAction), Array)
#3 /var/www/html/yii_test/yii/framework/web/CWebApplication.php(282): CController->run('view')
#4 /var/www/html/yii_test/yii/framework/web/CWebApplication.php(141): CWebApplication->runController('site/view')
#5 /var/www/html/yii_test/yii/framework/base/CApplication.php(185): CWebApplication->processRequest()
#6 /var/www/html/test_yii/index.php(13): CApplication->run()
#7 {main}
REQUEST_URI=/test_yii/index.php?r=site/view&result%5Bid%5D=13&result%5Bsum%5D=10&result%5Bpercent%5D=20%25&result%5Bip%5D=127.0.0.1
HTTP_REFERER=http://localhost/test_yii/index.php?r=site/index
---
2019/01/26 18:08:01 [error] [php] Undefined variable: result (/var/www/html/test_yii/protected/views/site/view.php:35)
Stack trace:
#0 /var/www/html/yii_test/yii/framework/web/CController.php(872): SiteController->renderFile()
#1 /var/www/html/yii_test/yii/framework/web/CController.php(785): SiteController->renderPartial()
#2 /var/www/html/test_yii/protected/controllers/SiteController.php(59): SiteController->render()
#3 unknown(0): SiteController->actionView()
#4 /var/www/html/yii_test/yii/framework/web/actions/CAction.php(109): ReflectionMethod->invokeArgs()
#5 /var/www/html/yii_test/yii/framework/web/actions/CInlineAction.php(47): CInlineAction->runWithParamsInternal()
#6 /var/www/html/yii_test/yii/framework/web/CController.php(308): CInlineAction->runWithParams()
#7 /var/www/html/yii_test/yii/framework/web/CController.php(286): SiteController->runAction()
#8 /var/www/html/yii_test/yii/framework/web/CController.php(265): SiteController->runActionWithFilters()
#9 /var/www/html/yii_test/yii/framework/web/CWebApplication.php(282): SiteController->run()
#10 /var/www/html/yii_test/yii/framework/web/CWebApplication.php(141): CWebApplication->runController()
#11 /var/www/html/yii_test/yii/framework/base/CApplication.php(185): CWebApplication->processRequest()
#12 /var/www/html/test_yii/index.php(13): CWebApplication->run()
REQUEST_URI=/test_yii/index.php?r=site/view&id=14
in /var/www/html/test_yii/protected/views/site/view.php (35)
in /var/www/html/test_yii/protected/controllers/SiteController.php (59)
in /var/www/html/test_yii/index.php (13)
2019/01/26 18:08:26 [error] [php] Undefined variable: result (/var/www/html/test_yii/protected/views/site/view.php:35)
Stack trace:
#0 /var/www/html/yii_test/yii/framework/web/CController.php(872): SiteController->renderFile()
#1 /var/www/html/yii_test/yii/framework/web/CController.php(785): SiteController->renderPartial()
#2 /var/www/html/test_yii/protected/controllers/SiteController.php(59): SiteController->render()
#3 unknown(0): SiteController->actionView()
#4 /var/www/html/yii_test/yii/framework/web/actions/CAction.php(109): ReflectionMethod->invokeArgs()
#5 /var/www/html/yii_test/yii/framework/web/actions/CInlineAction.php(47): CInlineAction->runWithParamsInternal()
#6 /var/www/html/yii_test/yii/framework/web/CController.php(308): CInlineAction->runWithParams()
#7 /var/www/html/yii_test/yii/framework/web/CController.php(286): SiteController->runAction()
#8 /var/www/html/yii_test/yii/framework/web/CController.php(265): SiteController->runActionWithFilters()
#9 /var/www/html/yii_test/yii/framework/web/CWebApplication.php(282): SiteController->run()
#10 /var/www/html/yii_test/yii/framework/web/CWebApplication.php(141): CWebApplication->runController()
#11 /var/www/html/yii_test/yii/framework/base/CApplication.php(185): CWebApplication->processRequest()
#12 /var/www/html/test_yii/index.php(13): CWebApplication->run()
REQUEST_URI=/test_yii/index.php?r=site/view&id=14
in /var/www/html/test_yii/protected/views/site/view.php (35)
in /var/www/html/test_yii/protected/controllers/SiteController.php (59)
in /var/www/html/test_yii/index.php (13)
2019/01/26 18:08:27 [error] [php] Undefined variable: result (/var/www/html/test_yii/protected/views/site/view.php:35)
Stack trace:
#0 /var/www/html/yii_test/yii/framework/web/CController.php(872): SiteController->renderFile()
#1 /var/www/html/yii_test/yii/framework/web/CController.php(785): SiteController->renderPartial()
#2 /var/www/html/test_yii/protected/controllers/SiteController.php(59): SiteController->render()
#3 unknown(0): SiteController->actionView()
#4 /var/www/html/yii_test/yii/framework/web/actions/CAction.php(109): ReflectionMethod->invokeArgs()
#5 /var/www/html/yii_test/yii/framework/web/actions/CInlineAction.php(47): CInlineAction->runWithParamsInternal()
#6 /var/www/html/yii_test/yii/framework/web/CController.php(308): CInlineAction->runWithParams()
#7 /var/www/html/yii_test/yii/framework/web/CController.php(286): SiteController->runAction()
#8 /var/www/html/yii_test/yii/framework/web/CController.php(265): SiteController->runActionWithFilters()
#9 /var/www/html/yii_test/yii/framework/web/CWebApplication.php(282): SiteController->run()
#10 /var/www/html/yii_test/yii/framework/web/CWebApplication.php(141): CWebApplication->runController()
#11 /var/www/html/yii_test/yii/framework/base/CApplication.php(185): CWebApplication->processRequest()
#12 /var/www/html/test_yii/index.php(13): CWebApplication->run()
REQUEST_URI=/test_yii/index.php?r=site/view&id=14
in /var/www/html/test_yii/protected/views/site/view.php (35)
in /var/www/html/test_yii/protected/controllers/SiteController.php (59)
in /var/www/html/test_yii/index.php (13)
2019/01/26 18:08:37 [error] [exception.CHttpException.400] CHttpException: Your request is invalid. in /var/www/html/yii_test/yii/framework/web/CController.php:337
Stack trace:
#0 /var/www/html/yii_test/yii/framework/web/CController.php(309): CController->invalidActionParams(Object(CInlineAction))
#1 /var/www/html/yii_test/yii/framework/web/CController.php(286): CController->runAction(Object(CInlineAction))
#2 /var/www/html/yii_test/yii/framework/web/CController.php(265): CController->runActionWithFilters(Object(CInlineAction), Array)
#3 /var/www/html/yii_test/yii/framework/web/CWebApplication.php(282): CController->run('view')
#4 /var/www/html/yii_test/yii/framework/web/CWebApplication.php(141): CWebApplication->runController('site/view')
#5 /var/www/html/yii_test/yii/framework/base/CApplication.php(185): CWebApplication->processRequest()
#6 /var/www/html/test_yii/index.php(13): CApplication->run()
#7 {main}
REQUEST_URI=/test_yii/index.php?r=site/view&result%5Bid%5D=15&result%5Bsum%5D=10&result%5Bpercent%5D=20%25&result%5Bip%5D=127.0.0.1
HTTP_REFERER=http://localhost/test_yii/index.php?r=site/index
---
2019/01/26 18:09:35 [error] [exception.CHttpException.400] CHttpException: Your request is invalid. in /var/www/html/yii_test/yii/framework/web/CController.php:337
Stack trace:
#0 /var/www/html/yii_test/yii/framework/web/CController.php(309): CController->invalidActionParams(Object(CInlineAction))
#1 /var/www/html/yii_test/yii/framework/web/CController.php(286): CController->runAction(Object(CInlineAction))
#2 /var/www/html/yii_test/yii/framework/web/CController.php(265): CController->runActionWithFilters(Object(CInlineAction), Array)
#3 /var/www/html/yii_test/yii/framework/web/CWebApplication.php(282): CController->run('view')
#4 /var/www/html/yii_test/yii/framework/web/CWebApplication.php(141): CWebApplication->runController('site/view')
#5 /var/www/html/yii_test/yii/framework/base/CApplication.php(185): CWebApplication->processRequest()
#6 /var/www/html/test_yii/index.php(13): CApplication->run()
#7 {main}
REQUEST_URI=/test_yii/index.php?r=site/view&result%5Bid%5D=15&result%5Bsum%5D=10&result%5Bpercent%5D=20%25&result%5Bip%5D=127.0.0.1
HTTP_REFERER=http://localhost/test_yii/index.php?r=site/index
---
2019/01/26 18:09:36 [error] [exception.CHttpException.400] CHttpException: Your request is invalid. in /var/www/html/yii_test/yii/framework/web/CController.php:337
Stack trace:
#0 /var/www/html/yii_test/yii/framework/web/CController.php(309): CController->invalidActionParams(Object(CInlineAction))
#1 /var/www/html/yii_test/yii/framework/web/CController.php(286): CController->runAction(Object(CInlineAction))
#2 /var/www/html/yii_test/yii/framework/web/CController.php(265): CController->runActionWithFilters(Object(CInlineAction), Array)
#3 /var/www/html/yii_test/yii/framework/web/CWebApplication.php(282): CController->run('view')
#4 /var/www/html/yii_test/yii/framework/web/CWebApplication.php(141): CWebApplication->runController('site/view')
#5 /var/www/html/yii_test/yii/framework/base/CApplication.php(185): CWebApplication->processRequest()
#6 /var/www/html/test_yii/index.php(13): CApplication->run()
#7 {main}
REQUEST_URI=/test_yii/index.php?r=site/view&result%5Bid%5D=15&result%5Bsum%5D=10&result%5Bpercent%5D=20%25&result%5Bip%5D=127.0.0.1
HTTP_REFERER=http://localhost/test_yii/index.php?r=site/index
---
2019/01/26 18:09:47 [error] [exception.CHttpException.400] CHttpException: Your request is invalid. in /var/www/html/yii_test/yii/framework/web/CController.php:337
Stack trace:
#0 /var/www/html/yii_test/yii/framework/web/CController.php(309): CController->invalidActionParams(Object(CInlineAction))
#1 /var/www/html/yii_test/yii/framework/web/CController.php(286): CController->runAction(Object(CInlineAction))
#2 /var/www/html/yii_test/yii/framework/web/CController.php(265): CController->runActionWithFilters(Object(CInlineAction), Array)
#3 /var/www/html/yii_test/yii/framework/web/CWebApplication.php(282): CController->run('view')
#4 /var/www/html/yii_test/yii/framework/web/CWebApplication.php(141): CWebApplication->runController('site/view')
#5 /var/www/html/yii_test/yii/framework/base/CApplication.php(185): CWebApplication->processRequest()
#6 /var/www/html/test_yii/index.php(13): CApplication->run()
#7 {main}
REQUEST_URI=/test_yii/index.php?r=site/view&result%5Bid%5D=16&result%5Bsum%5D=10&result%5Bpercent%5D=20%25&result%5Bip%5D=127.0.0.1
HTTP_REFERER=http://localhost/test_yii/index.php?r=site/index
---
2019/01/26 19:04:33 [error] [system.db.CDbCommand] CDbCommand::execute() failed: SQLSTATE[22007]: Invalid datetime format: 1292 Incorrect date value: '02/09/2019' for column 'birth_day' at row 1. The SQL statement executed was: INSERT INTO `users` (`name`, `sur_name`, `middle_name`, `birth_day`, `passport_number`, `email`, `phone_number`) VALUES (:yp0, :yp1, :yp2, :yp3, :yp4, :yp5, :yp6).
in /var/www/html/test_yii/protected/controllers/SiteController.php (38)
in /var/www/html/test_yii/index.php (13)
2019/01/26 19:04:33 [error] [exception.CDbException] CDbException: CDbCommand failed to execute the SQL statement: SQLSTATE[22007]: Invalid datetime format: 1292 Incorrect date value: '02/09/2019' for column 'birth_day' at row 1. The SQL statement executed was: INSERT INTO `users` (`name`, `sur_name`, `middle_name`, `birth_day`, `passport_number`, `email`, `phone_number`) VALUES (:yp0, :yp1, :yp2, :yp3, :yp4, :yp5, :yp6) in /var/www/html/yii_test/yii/framework/db/CDbCommand.php:358
Stack trace:
#0 /var/www/html/yii_test/yii/framework/db/ar/CActiveRecord.php(1083): CDbCommand->execute()
#1 /var/www/html/yii_test/yii/framework/db/ar/CActiveRecord.php(811): CActiveRecord->insert(NULL)
#2 /var/www/html/test_yii/protected/controllers/SiteController.php(38): CActiveRecord->save()
#3 /var/www/html/yii_test/yii/framework/web/actions/CInlineAction.php(49): SiteController->actionIndex()
#4 /var/www/html/yii_test/yii/framework/web/CController.php(308): CInlineAction->runWithParams(Array)
#5 /var/www/html/yii_test/yii/framework/web/CController.php(286): CController->runAction(Object(CInlineAction))
#6 /var/www/html/yii_test/yii/framework/web/CController.php(265): CController->runActionWithFilters(Object(CInlineAction), Array)
#7 /var/www/html/yii_test/yii/framework/web/CWebApplication.php(282): CController->run('index')
#8 /var/www/html/yii_test/yii/framework/web/CWebApplication.php(141): CWebApplication->runController('site/index')
#9 /var/www/html/yii_test/yii/framework/base/CApplication.php(185): CWebApplication->processRequest()
#10 /var/www/html/test_yii/index.php(13): CApplication->run()
#11 {main}
REQUEST_URI=/test_yii/index.php?r=site/index
HTTP_REFERER=http://localhost/test_yii/index.php?r=site/index
---
2019/01/26 19:05:13 [error] [system.db.CDbCommand] CDbCommand::execute() failed: SQLSTATE[22007]: Invalid datetime format: 1292 Incorrect date value: '02/09/2019' for column 'birth_day' at row 1. The SQL statement executed was: INSERT INTO `users` (`name`, `sur_name`, `middle_name`, `birth_day`, `passport_number`, `email`, `phone_number`) VALUES (:yp0, :yp1, :yp2, :yp3, :yp4, :yp5, :yp6).
in /var/www/html/test_yii/protected/controllers/SiteController.php (38)
in /var/www/html/test_yii/index.php (13)
2019/01/26 19:05:13 [error] [exception.CDbException] CDbException: CDbCommand failed to execute the SQL statement: SQLSTATE[22007]: Invalid datetime format: 1292 Incorrect date value: '02/09/2019' for column 'birth_day' at row 1. The SQL statement executed was: INSERT INTO `users` (`name`, `sur_name`, `middle_name`, `birth_day`, `passport_number`, `email`, `phone_number`) VALUES (:yp0, :yp1, :yp2, :yp3, :yp4, :yp5, :yp6) in /var/www/html/yii_test/yii/framework/db/CDbCommand.php:358
Stack trace:
#0 /var/www/html/yii_test/yii/framework/db/ar/CActiveRecord.php(1083): CDbCommand->execute()
#1 /var/www/html/yii_test/yii/framework/db/ar/CActiveRecord.php(811): CActiveRecord->insert(NULL)
#2 /var/www/html/test_yii/protected/controllers/SiteController.php(38): CActiveRecord->save()
#3 /var/www/html/yii_test/yii/framework/web/actions/CInlineAction.php(49): SiteController->actionIndex()
#4 /var/www/html/yii_test/yii/framework/web/CController.php(308): CInlineAction->runWithParams(Array)
#5 /var/www/html/yii_test/yii/framework/web/CController.php(286): CController->runAction(Object(CInlineAction))
#6 /var/www/html/yii_test/yii/framework/web/CController.php(265): CController->runActionWithFilters(Object(CInlineAction), Array)
#7 /var/www/html/yii_test/yii/framework/web/CWebApplication.php(282): CController->run('index')
#8 /var/www/html/yii_test/yii/framework/web/CWebApplication.php(141): CWebApplication->runController('site/index')
#9 /var/www/html/yii_test/yii/framework/base/CApplication.php(185): CWebApplication->processRequest()
#10 /var/www/html/test_yii/index.php(13): CApplication->run()
#11 {main}
REQUEST_URI=/test_yii/index.php?r=site/index
HTTP_REFERER=http://localhost/test_yii/index.php?r=site/index
---
2019/01/27 15:49:49 [error] [exception.CException] CException: Alias "ext.intlphoneinput.IntlPhoneInput" is invalid. Make sure it points to an existing PHP file and the file is readable. in /var/www/html/yii_test/yii/framework/YiiBase.php:330
Stack trace:
#0 /var/www/html/yii_test/yii/framework/web/CWidgetFactory.php(146): YiiBase::import('ext.intlphonein...', true)
#1 /var/www/html/yii_test/yii/framework/web/CBaseController.php(146): CWidgetFactory->createWidget(Object(SiteController), 'ext.intlphonein...', Array)
#2 /var/www/html/yii_test/yii/framework/web/CBaseController.php(181): CBaseController->createWidget('ext.intlphonein...', Array)
#3 /var/www/html/test_yii/protected/views/site/_form.php(81): CBaseController->widget('ext.intlphonein...', Array)
#4 /var/www/html/yii_test/yii/framework/web/CBaseController.php(126): require('/var/www/html/t...')
#5 /var/www/html/yii_test/yii/framework/web/CBaseController.php(95): CBaseController->renderInternal('/var/www/html/t...', Array, true)
#6 /var/www/html/yii_test/yii/framework/web/CController.php(872): CBaseController->renderFile('/var/www/html/t...', Array, true)
#7 /var/www/html/test_yii/protected/views/site/create.php(18): CController->renderPartial('_form', Array)
#8 /var/www/html/yii_test/yii/framework/web/CBaseController.php(126): require('/var/www/html/t...')
#9 /var/www/html/yii_test/yii/framework/web/CBaseController.php(95): CBaseController->renderInternal('/var/www/html/t...', Array, true)
#10 /var/www/html/yii_test/yii/framework/web/CController.php(872): CBaseController->renderFile('/var/www/html/t...', Array, true)
#11 /var/www/html/yii_test/yii/framework/web/CController.php(785): CController->renderPartial('create', Array, true)
#12 /var/www/html/test_yii/protected/controllers/SiteController.php(43): CController->render('create', Array)
#13 /var/www/html/yii_test/yii/framework/web/actions/CInlineAction.php(49): SiteController->actionIndex()
#14 /var/www/html/yii_test/yii/framework/web/CController.php(308): CInlineAction->runWithParams(Array)
#15 /var/www/html/yii_test/yii/framework/web/CController.php(286): CController->runAction(Object(CInlineAction))
#16 /var/www/html/yii_test/yii/framework/web/CController.php(265): CController->runActionWithFilters(Object(CInlineAction), Array)
#17 /var/www/html/yii_test/yii/framework/web/CWebApplication.php(282): CController->run('')
#18 /var/www/html/yii_test/yii/framework/web/CWebApplication.php(141): CWebApplication->runController('')
#19 /var/www/html/yii_test/yii/framework/base/CApplication.php(185): CWebApplication->processRequest()
#20 /var/www/html/test_yii/index.php(13): CApplication->run()
#21 {main}
REQUEST_URI=/test_yii/
HTTP_REFERER=http://localhost/test_yii/
---
2019/01/27 15:50:41 [error] [exception.CException] CException: The asset "/var/www/html/test_yii/protected/extensions/intlphoneinput/lib" to be published does not exist. in /var/www/html/yii_test/yii/framework/web/CAssetManager.php:257
Stack trace:
#0 /var/www/html/test_yii/protected/extensions/intlphoneinput/IntlPhoneInput.php(68): CAssetManager->publish('/var/www/html/t...')
#1 /var/www/html/test_yii/protected/extensions/intlphoneinput/IntlPhoneInput.php(47): IntlPhoneInput->registerClientScript()
#2 /var/www/html/yii_test/yii/framework/web/CBaseController.php(182): IntlPhoneInput->run()
#3 /var/www/html/test_yii/protected/views/site/_form.php(81): CBaseController->widget('ext.intlphonein...', Array)
#4 /var/www/html/yii_test/yii/framework/web/CBaseController.php(126): require('/var/www/html/t...')
#5 /var/www/html/yii_test/yii/framework/web/CBaseController.php(95): CBaseController->renderInternal('/var/www/html/t...', Array, true)
#6 /var/www/html/yii_test/yii/framework/web/CController.php(872): CBaseController->renderFile('/var/www/html/t...', Array, true)
#7 /var/www/html/test_yii/protected/views/site/create.php(18): CController->renderPartial('_form', Array)
#8 /var/www/html/yii_test/yii/framework/web/CBaseController.php(126): require('/var/www/html/t...')
#9 /var/www/html/yii_test/yii/framework/web/CBaseController.php(95): CBaseController->renderInternal('/var/www/html/t...', Array, true)
#10 /var/www/html/yii_test/yii/framework/web/CController.php(872): CBaseController->renderFile('/var/www/html/t...', Array, true)
#11 /var/www/html/yii_test/yii/framework/web/CController.php(785): CController->renderPartial('create', Array, true)
#12 /var/www/html/test_yii/protected/controllers/SiteController.php(43): CController->render('create', Array)
#13 /var/www/html/yii_test/yii/framework/web/actions/CInlineAction.php(49): SiteController->actionIndex()
#14 /var/www/html/yii_test/yii/framework/web/CController.php(308): CInlineAction->runWithParams(Array)
#15 /var/www/html/yii_test/yii/framework/web/CController.php(286): CController->runAction(Object(CInlineAction))
#16 /var/www/html/yii_test/yii/framework/web/CController.php(265): CController->runActionWithFilters(Object(CInlineAction), Array)
#17 /var/www/html/yii_test/yii/framework/web/CWebApplication.php(282): CController->run('')
#18 /var/www/html/yii_test/yii/framework/web/CWebApplication.php(141): CWebApplication->runController('')
#19 /var/www/html/yii_test/yii/framework/base/CApplication.php(185): CWebApplication->processRequest()
#20 /var/www/html/test_yii/index.php(13): CApplication->run()
#21 {main}
REQUEST_URI=/test_yii/
HTTP_REFERER=http://localhost/test_yii/
---
2019/01/27 15:55:00 [error] [exception.CException] CException: Property "Users.myAttribute" is not defined. in /var/www/html/yii_test/yii/framework/base/CComponent.php:130
Stack trace:
#0 /var/www/html/yii_test/yii/framework/db/ar/CActiveRecord.php(145): CComponent->__get('myAttribute')
#1 /var/www/html/test_yii/protected/extensions/intlphoneinput/IntlPhoneInput.php(50): CActiveRecord->__get('myAttribute')
#2 /var/www/html/yii_test/yii/framework/web/CBaseController.php(182): IntlPhoneInput->run()
#3 /var/www/html/test_yii/protected/views/site/_form.php(81): CBaseController->widget('ext.intlphonein...', Array)
#4 /var/www/html/yii_test/yii/framework/web/CBaseController.php(126): require('/var/www/html/t...')
#5 /var/www/html/yii_test/yii/framework/web/CBaseController.php(95): CBaseController->renderInternal('/var/www/html/t...', Array, true)
#6 /var/www/html/yii_test/yii/framework/web/CController.php(872): CBaseController->renderFile('/var/www/html/t...', Array, true)
#7 /var/www/html/test_yii/protected/views/site/create.php(18): CController->renderPartial('_form', Array)
#8 /var/www/html/yii_test/yii/framework/web/CBaseController.php(126): require('/var/www/html/t...')
#9 /var/www/html/yii_test/yii/framework/web/CBaseController.php(95): CBaseController->renderInternal('/var/www/html/t...', Array, true)
#10 /var/www/html/yii_test/yii/framework/web/CController.php(872): CBaseController->renderFile('/var/www/html/t...', Array, true)
#11 /var/www/html/yii_test/yii/framework/web/CController.php(785): CController->renderPartial('create', Array, true)
#12 /var/www/html/test_yii/protected/controllers/SiteController.php(43): CController->render('create', Array)
#13 /var/www/html/yii_test/yii/framework/web/actions/CInlineAction.php(49): SiteController->actionIndex()
#14 /var/www/html/yii_test/yii/framework/web/CController.php(308): CInlineAction->runWithParams(Array)
#15 /var/www/html/yii_test/yii/framework/web/CController.php(286): CController->runAction(Object(CInlineAction))
#16 /var/www/html/yii_test/yii/framework/web/CController.php(265): CController->runActionWithFilters(Object(CInlineAction), Array)
#17 /var/www/html/yii_test/yii/framework/web/CWebApplication.php(282): CController->run('')
#18 /var/www/html/yii_test/yii/framework/web/CWebApplication.php(141): CWebApplication->runController('')
#19 /var/www/html/yii_test/yii/framework/base/CApplication.php(185): CWebApplication->processRequest()
#20 /var/www/html/test_yii/index.php(13): CApplication->run()
#21 {main}
REQUEST_URI=/test_yii/
HTTP_REFERER=http://localhost/test_yii/
---
2019/01/27 15:55:17 [error] [exception.CException] CException: Property "Users.myAttribute" is not defined. in /var/www/html/yii_test/yii/framework/base/CComponent.php:130
Stack trace:
#0 /var/www/html/yii_test/yii/framework/db/ar/CActiveRecord.php(145): CComponent->__get('myAttribute')
#1 /var/www/html/test_yii/protected/extensions/intlphoneinput/IntlPhoneInput.php(50): CActiveRecord->__get('myAttribute')
#2 /var/www/html/yii_test/yii/framework/web/CBaseController.php(182): IntlPhoneInput->run()
#3 /var/www/html/test_yii/protected/views/site/_form.php(81): CBaseController->widget('ext.intlphonein...', Array)
#4 /var/www/html/yii_test/yii/framework/web/CBaseController.php(126): require('/var/www/html/t...')
#5 /var/www/html/yii_test/yii/framework/web/CBaseController.php(95): CBaseController->renderInternal('/var/www/html/t...', Array, true)
#6 /var/www/html/yii_test/yii/framework/web/CController.php(872): CBaseController->renderFile('/var/www/html/t...', Array, true)
#7 /var/www/html/test_yii/protected/views/site/create.php(18): CController->renderPartial('_form', Array)
#8 /var/www/html/yii_test/yii/framework/web/CBaseController.php(126): require('/var/www/html/t...')
#9 /var/www/html/yii_test/yii/framework/web/CBaseController.php(95): CBaseController->renderInternal('/var/www/html/t...', Array, true)
#10 /var/www/html/yii_test/yii/framework/web/CController.php(872): CBaseController->renderFile('/var/www/html/t...', Array, true)
#11 /var/www/html/yii_test/yii/framework/web/CController.php(785): CController->renderPartial('create', Array, true)
#12 /var/www/html/test_yii/protected/controllers/SiteController.php(43): CController->render('create', Array)
#13 /var/www/html/yii_test/yii/framework/web/actions/CInlineAction.php(49): SiteController->actionIndex()
#14 /var/www/html/yii_test/yii/framework/web/CController.php(308): CInlineAction->runWithParams(Array)
#15 /var/www/html/yii_test/yii/framework/web/CController.php(286): CController->runAction(Object(CInlineAction))
#16 /var/www/html/yii_test/yii/framework/web/CController.php(265): CController->runActionWithFilters(Object(CInlineAction), Array)
#17 /var/www/html/yii_test/yii/framework/web/CWebApplication.php(282): CController->run('')
#18 /var/www/html/yii_test/yii/framework/web/CWebApplication.php(141): CWebApplication->runController('')
#19 /var/www/html/yii_test/yii/framework/base/CApplication.php(185): CWebApplication->processRequest()
#20 /var/www/html/test_yii/index.php(13): CApplication->run()
#21 {main}
REQUEST_URI=/test_yii/
---
2019/01/27 16:03:20 [error] [exception.CException] CException: The asset "/var/www/html/test_yii/protected/extensions/intlphoneinput/lib" to be published does not exist. in /var/www/html/yii_test/yii/framework/web/CAssetManager.php:257
Stack trace:
#0 /var/www/html/test_yii/protected/extensions/intlphoneinput/IntlPhoneInput.php(68): CAssetManager->publish('/var/www/html/t...')
#1 /var/www/html/test_yii/protected/extensions/intlphoneinput/IntlPhoneInput.php(47): IntlPhoneInput->registerClientScript()
#2 /var/www/html/yii_test/yii/framework/web/CBaseController.php(182): IntlPhoneInput->run()
#3 /var/www/html/test_yii/protected/views/site/_form.php(81): CBaseController->widget('ext.intlphonein...', Array)
#4 /var/www/html/yii_test/yii/framework/web/CBaseController.php(126): require('/var/www/html/t...')
#5 /var/www/html/yii_test/yii/framework/web/CBaseController.php(95): CBaseController->renderInternal('/var/www/html/t...', Array, true)
#6 /var/www/html/yii_test/yii/framework/web/CController.php(872): CBaseController->renderFile('/var/www/html/t...', Array, true)
#7 /var/www/html/test_yii/protected/views/site/create.php(18): CController->renderPartial('_form', Array)
#8 /var/www/html/yii_test/yii/framework/web/CBaseController.php(126): require('/var/www/html/t...')
#9 /var/www/html/yii_test/yii/framework/web/CBaseController.php(95): CBaseController->renderInternal('/var/www/html/t...', Array, true)
#10 /var/www/html/yii_test/yii/framework/web/CController.php(872): CBaseController->renderFile('/var/www/html/t...', Array, true)
#11 /var/www/html/yii_test/yii/framework/web/CController.php(785): CController->renderPartial('create', Array, true)
#12 /var/www/html/test_yii/protected/controllers/SiteController.php(43): CController->render('create', Array)
#13 /var/www/html/yii_test/yii/framework/web/actions/CInlineAction.php(49): SiteController->actionIndex()
#14 /var/www/html/yii_test/yii/framework/web/CController.php(308): CInlineAction->runWithParams(Array)
#15 /var/www/html/yii_test/yii/framework/web/CController.php(286): CController->runAction(Object(CInlineAction))
#16 /var/www/html/yii_test/yii/framework/web/CController.php(265): CController->runActionWithFilters(Object(CInlineAction), Array)
#17 /var/www/html/yii_test/yii/framework/web/CWebApplication.php(282): CController->run('')
#18 /var/www/html/yii_test/yii/framework/web/CWebApplication.php(141): CWebApplication->runController('')
#19 /var/www/html/yii_test/yii/framework/base/CApplication.php(185): CWebApplication->processRequest()
#20 /var/www/html/test_yii/index.php(13): CApplication->run()
#21 {main}
REQUEST_URI=/test_yii/
---
2019/01/27 16:21:51 [error] [exception.CException] CException: The asset "/var/www/html/test_yii/protected/extensions/intlphoneinput/lib" to be published does not exist. in /var/www/html/yii_test/yii/framework/web/CAssetManager.php:257
Stack trace:
#0 /var/www/html/test_yii/protected/extensions/intlphoneinput/IntlPhoneInput.php(108): CAssetManager->publish('/var/www/html/t...')
#1 /var/www/html/test_yii/protected/extensions/intlphoneinput/IntlPhoneInput.php(60): IntlPhoneInput->registerClientScript()
#2 /var/www/html/yii_test/yii/framework/web/CBaseController.php(182): IntlPhoneInput->run()
#3 /var/www/html/test_yii/protected/views/site/_form.php(81): CBaseController->widget('ext.intlphonein...', Array)
#4 /var/www/html/yii_test/yii/framework/web/CBaseController.php(126): require('/var/www/html/t...')
#5 /var/www/html/yii_test/yii/framework/web/CBaseController.php(95): CBaseController->renderInternal('/var/www/html/t...', Array, true)
#6 /var/www/html/yii_test/yii/framework/web/CController.php(872): CBaseController->renderFile('/var/www/html/t...', Array, true)
#7 /var/www/html/test_yii/protected/views/site/create.php(18): CController->renderPartial('_form', Array)
#8 /var/www/html/yii_test/yii/framework/web/CBaseController.php(126): require('/var/www/html/t...')
#9 /var/www/html/yii_test/yii/framework/web/CBaseController.php(95): CBaseController->renderInternal('/var/www/html/t...', Array, true)
#10 /var/www/html/yii_test/yii/framework/web/CController.php(872): CBaseController->renderFile('/var/www/html/t...', Array, true)
#11 /var/www/html/yii_test/yii/framework/web/CController.php(785): CController->renderPartial('create', Array, true)
#12 /var/www/html/test_yii/protected/controllers/SiteController.php(43): CController->render('create', Array)
#13 /var/www/html/yii_test/yii/framework/web/actions/CInlineAction.php(49): SiteController->actionIndex()
#14 /var/www/html/yii_test/yii/framework/web/CController.php(308): CInlineAction->runWithParams(Array)
#15 /var/www/html/yii_test/yii/framework/web/CController.php(286): CController->runAction(Object(CInlineAction))
#16 /var/www/html/yii_test/yii/framework/web/CController.php(265): CController->runActionWithFilters(Object(CInlineAction), Array)
#17 /var/www/html/yii_test/yii/framework/web/CWebApplication.php(282): CController->run('')
#18 /var/www/html/yii_test/yii/framework/web/CWebApplication.php(141): CWebApplication->runController('')
#19 /var/www/html/yii_test/yii/framework/base/CApplication.php(185): CWebApplication->processRequest()
#20 /var/www/html/test_yii/index.php(13): CApplication->run()
#21 {main}
REQUEST_URI=/test_yii/
---
2019/01/27 16:22:18 [error] [exception.CException] CException: The asset "/var/www/html/test_yii/protected/extensions/intlphoneinput/lib" to be published does not exist. in /var/www/html/yii_test/yii/framework/web/CAssetManager.php:257
Stack trace:
#0 /var/www/html/test_yii/protected/extensions/intlphoneinput/IntlPhoneInput.php(108): CAssetManager->publish('/var/www/html/t...')
#1 /var/www/html/test_yii/protected/extensions/intlphoneinput/IntlPhoneInput.php(60): IntlPhoneInput->registerClientScript()
#2 /var/www/html/yii_test/yii/framework/web/CBaseController.php(182): IntlPhoneInput->run()
#3 /var/www/html/test_yii/protected/views/site/_form.php(81): CBaseController->widget('ext.intlphonein...', Array)
#4 /var/www/html/yii_test/yii/framework/web/CBaseController.php(126): require('/var/www/html/t...')
#5 /var/www/html/yii_test/yii/framework/web/CBaseController.php(95): CBaseController->renderInternal('/var/www/html/t...', Array, true)
#6 /var/www/html/yii_test/yii/framework/web/CController.php(872): CBaseController->renderFile('/var/www/html/t...', Array, true)
#7 /var/www/html/test_yii/protected/views/site/create.php(18): CController->renderPartial('_form', Array)
#8 /var/www/html/yii_test/yii/framework/web/CBaseController.php(126): require('/var/www/html/t...')
#9 /var/www/html/yii_test/yii/framework/web/CBaseController.php(95): CBaseController->renderInternal('/var/www/html/t...', Array, true)
#10 /var/www/html/yii_test/yii/framework/web/CController.php(872): CBaseController->renderFile('/var/www/html/t...', Array, true)
#11 /var/www/html/yii_test/yii/framework/web/CController.php(785): CController->renderPartial('create', Array, true)
#12 /var/www/html/test_yii/protected/controllers/SiteController.php(43): CController->render('create', Array)
#13 /var/www/html/yii_test/yii/framework/web/actions/CInlineAction.php(49): SiteController->actionIndex()
#14 /var/www/html/yii_test/yii/framework/web/CController.php(308): CInlineAction->runWithParams(Array)
#15 /var/www/html/yii_test/yii/framework/web/CController.php(286): CController->runAction(Object(CInlineAction))
#16 /var/www/html/yii_test/yii/framework/web/CController.php(265): CController->runActionWithFilters(Object(CInlineAction), Array)
#17 /var/www/html/yii_test/yii/framework/web/CWebApplication.php(282): CController->run('')
#18 /var/www/html/yii_test/yii/framework/web/CWebApplication.php(141): CWebApplication->runController('')
#19 /var/www/html/yii_test/yii/framework/base/CApplication.php(185): CWebApplication->processRequest()
#20 /var/www/html/test_yii/index.php(13): CApplication->run()
#21 {main}
REQUEST_URI=/test_yii/
---
2019/01/27 16:22:19 [error] [exception.CException] CException: The asset "/var/www/html/test_yii/protected/extensions/intlphoneinput/lib" to be published does not exist. in /var/www/html/yii_test/yii/framework/web/CAssetManager.php:257
Stack trace:
#0 /var/www/html/test_yii/protected/extensions/intlphoneinput/IntlPhoneInput.php(108): CAssetManager->publish('/var/www/html/t...')
#1 /var/www/html/test_yii/protected/extensions/intlphoneinput/IntlPhoneInput.php(60): IntlPhoneInput->registerClientScript()
#2 /var/www/html/yii_test/yii/framework/web/CBaseController.php(182): IntlPhoneInput->run()
#3 /var/www/html/test_yii/protected/views/site/_form.php(81): CBaseController->widget('ext.intlphonein...', Array)
#4 /var/www/html/yii_test/yii/framework/web/CBaseController.php(126): require('/var/www/html/t...')
#5 /var/www/html/yii_test/yii/framework/web/CBaseController.php(95): CBaseController->renderInternal('/var/www/html/t...', Array, true)
#6 /var/www/html/yii_test/yii/framework/web/CController.php(872): CBaseController->renderFile('/var/www/html/t...', Array, true)
#7 /var/www/html/test_yii/protected/views/site/create.php(18): CController->renderPartial('_form', Array)
#8 /var/www/html/yii_test/yii/framework/web/CBaseController.php(126): require('/var/www/html/t...')
#9 /var/www/html/yii_test/yii/framework/web/CBaseController.php(95): CBaseController->renderInternal('/var/www/html/t...', Array, true)
#10 /var/www/html/yii_test/yii/framework/web/CController.php(872): CBaseController->renderFile('/var/www/html/t...', Array, true)
#11 /var/www/html/yii_test/yii/framework/web/CController.php(785): CController->renderPartial('create', Array, true)
#12 /var/www/html/test_yii/protected/controllers/SiteController.php(43): CController->render('create', Array)
#13 /var/www/html/yii_test/yii/framework/web/actions/CInlineAction.php(49): SiteController->actionIndex()
#14 /var/www/html/yii_test/yii/framework/web/CController.php(308): CInlineAction->runWithParams(Array)
#15 /var/www/html/yii_test/yii/framework/web/CController.php(286): CController->runAction(Object(CInlineAction))
#16 /var/www/html/yii_test/yii/framework/web/CController.php(265): CController->runActionWithFilters(Object(CInlineAction), Array)
#17 /var/www/html/yii_test/yii/framework/web/CWebApplication.php(282): CController->run('')
#18 /var/www/html/yii_test/yii/framework/web/CWebApplication.php(141): CWebApplication->runController('')
#19 /var/www/html/yii_test/yii/framework/base/CApplication.php(185): CWebApplication->processRequest()
#20 /var/www/html/test_yii/index.php(13): CApplication->run()
#21 {main}
REQUEST_URI=/test_yii/
---
2019/01/27 16:22:19 [error] [exception.CException] CException: The asset "/var/www/html/test_yii/protected/extensions/intlphoneinput/lib" to be published does not exist. in /var/www/html/yii_test/yii/framework/web/CAssetManager.php:257
Stack trace:
#0 /var/www/html/test_yii/protected/extensions/intlphoneinput/IntlPhoneInput.php(108): CAssetManager->publish('/var/www/html/t...')
#1 /var/www/html/test_yii/protected/extensions/intlphoneinput/IntlPhoneInput.php(60): IntlPhoneInput->registerClientScript()
#2 /var/www/html/yii_test/yii/framework/web/CBaseController.php(182): IntlPhoneInput->run()
#3 /var/www/html/test_yii/protected/views/site/_form.php(81): CBaseController->widget('ext.intlphonein...', Array)
#4 /var/www/html/yii_test/yii/framework/web/CBaseController.php(126): require('/var/www/html/t...')
#5 /var/www/html/yii_test/yii/framework/web/CBaseController.php(95): CBaseController->renderInternal('/var/www/html/t...', Array, true)
#6 /var/www/html/yii_test/yii/framework/web/CController.php(872): CBaseController->renderFile('/var/www/html/t...', Array, true)
#7 /var/www/html/test_yii/protected/views/site/create.php(18): CController->renderPartial('_form', Array)
#8 /var/www/html/yii_test/yii/framework/web/CBaseController.php(126): require('/var/www/html/t...')
#9 /var/www/html/yii_test/yii/framework/web/CBaseController.php(95): CBaseController->renderInternal('/var/www/html/t...', Array, true)
#10 /var/www/html/yii_test/yii/framework/web/CController.php(872): CBaseController->renderFile('/var/www/html/t...', Array, true)
#11 /var/www/html/yii_test/yii/framework/web/CController.php(785): CController->renderPartial('create', Array, true)
#12 /var/www/html/test_yii/protected/controllers/SiteController.php(43): CController->render('create', Array)
#13 /var/www/html/yii_test/yii/framework/web/actions/CInlineAction.php(49): SiteController->actionIndex()
#14 /var/www/html/yii_test/yii/framework/web/CController.php(308): CInlineAction->runWithParams(Array)
#15 /var/www/html/yii_test/yii/framework/web/CController.php(286): CController->runAction(Object(CInlineAction))
#16 /var/www/html/yii_test/yii/framework/web/CController.php(265): CController->runActionWithFilters(Object(CInlineAction), Array)
#17 /var/www/html/yii_test/yii/framework/web/CWebApplication.php(282): CController->run('')
#18 /var/www/html/yii_test/yii/framework/web/CWebApplication.php(141): CWebApplication->runController('')
#19 /var/www/html/yii_test/yii/framework/base/CApplication.php(185): CWebApplication->processRequest()
#20 /var/www/html/test_yii/index.php(13): CApplication->run()
#21 {main}
REQUEST_URI=/test_yii/
---
2019/01/27 16:22:20 [error] [exception.CException] CException: The asset "/var/www/html/test_yii/protected/extensions/intlphoneinput/lib" to be published does not exist. in /var/www/html/yii_test/yii/framework/web/CAssetManager.php:257
Stack trace:
#0 /var/www/html/test_yii/protected/extensions/intlphoneinput/IntlPhoneInput.php(108): CAssetManager->publish('/var/www/html/t...')
#1 /var/www/html/test_yii/protected/extensions/intlphoneinput/IntlPhoneInput.php(60): IntlPhoneInput->registerClientScript()
#2 /var/www/html/yii_test/yii/framework/web/CBaseController.php(182): IntlPhoneInput->run()
#3 /var/www/html/test_yii/protected/views/site/_form.php(81): CBaseController->widget('ext.intlphonein...', Array)
#4 /var/www/html/yii_test/yii/framework/web/CBaseController.php(126): require('/var/www/html/t...')
#5 /var/www/html/yii_test/yii/framework/web/CBaseController.php(95): CBaseController->renderInternal('/var/www/html/t...', Array, true)
#6 /var/www/html/yii_test/yii/framework/web/CController.php(872): CBaseController->renderFile('/var/www/html/t...', Array, true)
#7 /var/www/html/test_yii/protected/views/site/create.php(18): CController->renderPartial('_form', Array)
#8 /var/www/html/yii_test/yii/framework/web/CBaseController.php(126): require('/var/www/html/t...')
#9 /var/www/html/yii_test/yii/framework/web/CBaseController.php(95): CBaseController->renderInternal('/var/www/html/t...', Array, true)
#10 /var/www/html/yii_test/yii/framework/web/CController.php(872): CBaseController->renderFile('/var/www/html/t...', Array, true)
#11 /var/www/html/yii_test/yii/framework/web/CController.php(785): CController->renderPartial('create', Array, true)
#12 /var/www/html/test_yii/protected/controllers/SiteController.php(43): CController->render('create', Array)
#13 /var/www/html/yii_test/yii/framework/web/actions/CInlineAction.php(49): SiteController->actionIndex()
#14 /var/www/html/yii_test/yii/framework/web/CController.php(308): CInlineAction->runWithParams(Array)
#15 /var/www/html/yii_test/yii/framework/web/CController.php(286): CController->runAction(Object(CInlineAction))
#16 /var/www/html/yii_test/yii/framework/web/CController.php(265): CController->runActionWithFilters(Object(CInlineAction), Array)
#17 /var/www/html/yii_test/yii/framework/web/CWebApplication.php(282): CController->run('')
#18 /var/www/html/yii_test/yii/framework/web/CWebApplication.php(141): CWebApplication->runController('')
#19 /var/www/html/yii_test/yii/framework/base/CApplication.php(185): CWebApplication->processRequest()
#20 /var/www/html/test_yii/index.php(13): CApplication->run()
#21 {main}
REQUEST_URI=/test_yii/
---
2019/01/27 16:22:20 [error] [exception.CException] CException: The asset "/var/www/html/test_yii/protected/extensions/intlphoneinput/lib" to be published does not exist. in /var/www/html/yii_test/yii/framework/web/CAssetManager.php:257
Stack trace:
#0 /var/www/html/test_yii/protected/extensions/intlphoneinput/IntlPhoneInput.php(108): CAssetManager->publish('/var/www/html/t...')
#1 /var/www/html/test_yii/protected/extensions/intlphoneinput/IntlPhoneInput.php(60): IntlPhoneInput->registerClientScript()
#2 /var/www/html/yii_test/yii/framework/web/CBaseController.php(182): IntlPhoneInput->run()
#3 /var/www/html/test_yii/protected/views/site/_form.php(81): CBaseController->widget('ext.intlphonein...', Array)
#4 /var/www/html/yii_test/yii/framework/web/CBaseController.php(126): require('/var/www/html/t...')
#5 /var/www/html/yii_test/yii/framework/web/CBaseController.php(95): CBaseController->renderInternal('/var/www/html/t...', Array, true)
#6 /var/www/html/yii_test/yii/framework/web/CController.php(872): CBaseController->renderFile('/var/www/html/t...', Array, true)
#7 /var/www/html/test_yii/protected/views/site/create.php(18): CController->renderPartial('_form', Array)
#8 /var/www/html/yii_test/yii/framework/web/CBaseController.php(126): require('/var/www/html/t...')
#9 /var/www/html/yii_test/yii/framework/web/CBaseController.php(95): CBaseController->renderInternal('/var/www/html/t...', Array, true)
#10 /var/www/html/yii_test/yii/framework/web/CController.php(872): CBaseController->renderFile('/var/www/html/t...', Array, true)
#11 /var/www/html/yii_test/yii/framework/web/CController.php(785): CController->renderPartial('create', Array, true)
#12 /var/www/html/test_yii/protected/controllers/SiteController.php(43): CController->render('create', Array)
#13 /var/www/html/yii_test/yii/framework/web/actions/CInlineAction.php(49): SiteController->actionIndex()
#14 /var/www/html/yii_test/yii/framework/web/CController.php(308): CInlineAction->runWithParams(Array)
#15 /var/www/html/yii_test/yii/framework/web/CController.php(286): CController->runAction(Object(CInlineAction))
#16 /var/www/html/yii_test/yii/framework/web/CController.php(265): CController->runActionWithFilters(Object(CInlineAction), Array)
#17 /var/www/html/yii_test/yii/framework/web/CWebApplication.php(282): CController->run('')
#18 /var/www/html/yii_test/yii/framework/web/CWebApplication.php(141): CWebApplication->runController('')
#19 /var/www/html/yii_test/yii/framework/base/CApplication.php(185): CWebApplication->processRequest()
#20 /var/www/html/test_yii/index.php(13): CApplication->run()
#21 {main}
REQUEST_URI=/test_yii/
---
2019/01/27 16:22:20 [error] [exception.CException] CException: The asset "/var/www/html/test_yii/protected/extensions/intlphoneinput/lib" to be published does not exist. in /var/www/html/yii_test/yii/framework/web/CAssetManager.php:257
Stack trace:
#0 /var/www/html/test_yii/protected/extensions/intlphoneinput/IntlPhoneInput.php(108): CAssetManager->publish('/var/www/html/t...')
#1 /var/www/html/test_yii/protected/extensions/intlphoneinput/IntlPhoneInput.php(60): IntlPhoneInput->registerClientScript()
#2 /var/www/html/yii_test/yii/framework/web/CBaseController.php(182): IntlPhoneInput->run()
#3 /var/www/html/test_yii/protected/views/site/_form.php(81): CBaseController->widget('ext.intlphonein...', Array)
#4 /var/www/html/yii_test/yii/framework/web/CBaseController.php(126): require('/var/www/html/t...')
#5 /var/www/html/yii_test/yii/framework/web/CBaseController.php(95): CBaseController->renderInternal('/var/www/html/t...', Array, true)
#6 /var/www/html/yii_test/yii/framework/web/CController.php(872): CBaseController->renderFile('/var/www/html/t...', Array, true)
#7 /var/www/html/test_yii/protected/views/site/create.php(18): CController->renderPartial('_form', Array)
#8 /var/www/html/yii_test/yii/framework/web/CBaseController.php(126): require('/var/www/html/t...')
#9 /var/www/html/yii_test/yii/framework/web/CBaseController.php(95): CBaseController->renderInternal('/var/www/html/t...', Array, true)
#10 /var/www/html/yii_test/yii/framework/web/CController.php(872): CBaseController->renderFile('/var/www/html/t...', Array, true)
#11 /var/www/html/yii_test/yii/framework/web/CController.php(785): CController->renderPartial('create', Array, true)
#12 /var/www/html/test_yii/protected/controllers/SiteController.php(43): CController->render('create', Array)
#13 /var/www/html/yii_test/yii/framework/web/actions/CInlineAction.php(49): SiteController->actionIndex()
#14 /var/www/html/yii_test/yii/framework/web/CController.php(308): CInlineAction->runWithParams(Array)
#15 /var/www/html/yii_test/yii/framework/web/CController.php(286): CController->runAction(Object(CInlineAction))
#16 /var/www/html/yii_test/yii/framework/web/CController.php(265): CController->runActionWithFilters(Object(CInlineAction), Array)
#17 /var/www/html/yii_test/yii/framework/web/CWebApplication.php(282): CController->run('')
#18 /var/www/html/yii_test/yii/framework/web/CWebApplication.php(141): CWebApplication->runController('')
#19 /var/www/html/yii_test/yii/framework/base/CApplication.php(185): CWebApplication->processRequest()
#20 /var/www/html/test_yii/index.php(13): CApplication->run()
#21 {main}
REQUEST_URI=/test_yii/
---
2019/01/27 16:22:21 [error] [exception.CException] CException: The asset "/var/www/html/test_yii/protected/extensions/intlphoneinput/lib" to be published does not exist. in /var/www/html/yii_test/yii/framework/web/CAssetManager.php:257
Stack trace:
#0 /var/www/html/test_yii/protected/extensions/intlphoneinput/IntlPhoneInput.php(108): CAssetManager->publish('/var/www/html/t...')
#1 /var/www/html/test_yii/protected/extensions/intlphoneinput/IntlPhoneInput.php(60): IntlPhoneInput->registerClientScript()
#2 /var/www/html/yii_test/yii/framework/web/CBaseController.php(182): IntlPhoneInput->run()
#3 /var/www/html/test_yii/protected/views/site/_form.php(81): CBaseController->widget('ext.intlphonein...', Array)
#4 /var/www/html/yii_test/yii/framework/web/CBaseController.php(126): require('/var/www/html/t...')
#5 /var/www/html/yii_test/yii/framework/web/CBaseController.php(95): CBaseController->renderInternal('/var/www/html/t...', Array, true)
#6 /var/www/html/yii_test/yii/framework/web/CController.php(872): CBaseController->renderFile('/var/www/html/t...', Array, true)
#7 /var/www/html/test_yii/protected/views/site/create.php(18): CController->renderPartial('_form', Array)
#8 /var/www/html/yii_test/yii/framework/web/CBaseController.php(126): require('/var/www/html/t...')
#9 /var/www/html/yii_test/yii/framework/web/CBaseController.php(95): CBaseController->renderInternal('/var/www/html/t...', Array, true)
#10 /var/www/html/yii_test/yii/framework/web/CController.php(872): CBaseController->renderFile('/var/www/html/t...', Array, true)
#11 /var/www/html/yii_test/yii/framework/web/CController.php(785): CController->renderPartial('create', Array, true)
#12 /var/www/html/test_yii/protected/controllers/SiteController.php(43): CController->render('create', Array)
#13 /var/www/html/yii_test/yii/framework/web/actions/CInlineAction.php(49): SiteController->actionIndex()
#14 /var/www/html/yii_test/yii/framework/web/CController.php(308): CInlineAction->runWithParams(Array)
#15 /var/www/html/yii_test/yii/framework/web/CController.php(286): CController->runAction(Object(CInlineAction))
#16 /var/www/html/yii_test/yii/framework/web/CController.php(265): CController->runActionWithFilters(Object(CInlineAction), Array)
#17 /var/www/html/yii_test/yii/framework/web/CWebApplication.php(282): CController->run('')
#18 /var/www/html/yii_test/yii/framework/web/CWebApplication.php(141): CWebApplication->runController('')
#19 /var/www/html/yii_test/yii/framework/base/CApplication.php(185): CWebApplication->processRequest()
#20 /var/www/html/test_yii/index.php(13): CApplication->run()
#21 {main}
REQUEST_URI=/test_yii/
---
2019/01/27 16:51:26 [error] [system.db.CDbCommand] CDbCommand::execute() failed: SQLSTATE[HY000]: General error: 1366 Incorrect string value: '\xD1\x81\xD0\xB4\xD1\x81...' for column 'name' at row 1. The SQL statement executed was: INSERT INTO `users` (`name`, `sur_name`, `middle_name`, `birth_day`, `passport_number`, `email`, `phone_number`) VALUES (:yp0, :yp1, :yp2, :yp3, :yp4, :yp5, :yp6).
in /var/www/html/test_yii/protected/controllers/SiteController.php (38)
in /var/www/html/test_yii/index.php (13)
2019/01/27 16:51:26 [error] [exception.CDbException] CDbException: CDbCommand failed to execute the SQL statement: SQLSTATE[HY000]: General error: 1366 Incorrect string value: '\xD1\x81\xD0\xB4\xD1\x81...' for column 'name' at row 1. The SQL statement executed was: INSERT INTO `users` (`name`, `sur_name`, `middle_name`, `birth_day`, `passport_number`, `email`, `phone_number`) VALUES (:yp0, :yp1, :yp2, :yp3, :yp4, :yp5, :yp6) in /var/www/html/yii_test/yii/framework/db/CDbCommand.php:358
Stack trace:
#0 /var/www/html/yii_test/yii/framework/db/ar/CActiveRecord.php(1083): CDbCommand->execute()
#1 /var/www/html/yii_test/yii/framework/db/ar/CActiveRecord.php(811): CActiveRecord->insert(NULL)
#2 /var/www/html/test_yii/protected/controllers/SiteController.php(38): CActiveRecord->save()
#3 /var/www/html/yii_test/yii/framework/web/actions/CInlineAction.php(49): SiteController->actionIndex()
#4 /var/www/html/yii_test/yii/framework/web/CController.php(308): CInlineAction->runWithParams(Array)
#5 /var/www/html/yii_test/yii/framework/web/CController.php(286): CController->runAction(Object(CInlineAction))
#6 /var/www/html/yii_test/yii/framework/web/CController.php(265): CController->runActionWithFilters(Object(CInlineAction), Array)
#7 /var/www/html/yii_test/yii/framework/web/CWebApplication.php(282): CController->run('')
#8 /var/www/html/yii_test/yii/framework/web/CWebApplication.php(141): CWebApplication->runController('')
#9 /var/www/html/yii_test/yii/framework/base/CApplication.php(185): CWebApplication->processRequest()
#10 /var/www/html/test_yii/index.php(13): CApplication->run()
#11 {main}
REQUEST_URI=/test_yii/
HTTP_REFERER=http://localhost/test_yii/
---
2019/01/27 16:57:52 [error] [system.db.CDbCommand] CDbCommand::fetchAll() failed: SQLSTATE[42S02]: Base table or view not found: 1146 Table 'yii_test.tbl_migration' doesn't exist. The SQL statement executed was: SHOW FULL COLUMNS FROM `tbl_migration`.
2019/01/27 16:58:21 [error] [system.db.CDbCommand] CDbCommand::execute() failed: SQLSTATE[22007]: Invalid datetime format: 1292 Incorrect date value: '01-01-2019' for column 'birth_day' at row 1. The SQL statement executed was: INSERT INTO `users` (`name`, `sur_name`, `middle_name`, `birth_day`, `passport_number`, `email`, `phone_number`) VALUES (:yp0, :yp1, :yp2, :yp3, :yp4, :yp5, :yp6).
in /var/www/html/test_yii/protected/controllers/SiteController.php (38)
in /var/www/html/test_yii/index.php (13)
2019/01/27 16:58:21 [error] [exception.CDbException] CDbException: CDbCommand failed to execute the SQL statement: SQLSTATE[22007]: Invalid datetime format: 1292 Incorrect date value: '01-01-2019' for column 'birth_day' at row 1. The SQL statement executed was: INSERT INTO `users` (`name`, `sur_name`, `middle_name`, `birth_day`, `passport_number`, `email`, `phone_number`) VALUES (:yp0, :yp1, :yp2, :yp3, :yp4, :yp5, :yp6) in /var/www/html/yii_test/yii/framework/db/CDbCommand.php:358
Stack trace:
#0 /var/www/html/yii_test/yii/framework/db/ar/CActiveRecord.php(1083): CDbCommand->execute()
#1 /var/www/html/yii_test/yii/framework/db/ar/CActiveRecord.php(811): CActiveRecord->insert(NULL)
#2 /var/www/html/test_yii/protected/controllers/SiteController.php(38): CActiveRecord->save()
#3 /var/www/html/yii_test/yii/framework/web/actions/CInlineAction.php(49): SiteController->actionIndex()
#4 /var/www/html/yii_test/yii/framework/web/CController.php(308): CInlineAction->runWithParams(Array)
#5 /var/www/html/yii_test/yii/framework/web/CController.php(286): CController->runAction(Object(CInlineAction))
#6 /var/www/html/yii_test/yii/framework/web/CController.php(265): CController->runActionWithFilters(Object(CInlineAction), Array)
#7 /var/www/html/yii_test/yii/framework/web/CWebApplication.php(282): CController->run('')
#8 /var/www/html/yii_test/yii/framework/web/CWebApplication.php(141): CWebApplication->runController('')
#9 /var/www/html/yii_test/yii/framework/base/CApplication.php(185): CWebApplication->processRequest()
#10 /var/www/html/test_yii/index.php(13): CApplication->run()
#11 {main}
REQUEST_URI=/test_yii/
HTTP_REFERER=http://localhost/test_yii/
---
2019/01/27 16:59:00 [error] [system.db.CDbCommand] CDbCommand::fetchAll() failed: SQLSTATE[42S02]: Base table or view not found: 1146 Table 'yii_test.tbl_migration' doesn't exist. The SQL statement executed was: SHOW FULL COLUMNS FROM `tbl_migration`.
2019/01/27 16:59:08 [error] [php] Undefined variable: model (/var/www/html/test_yii/protected/views/site/view.php:7)
Stack trace:
#0 /var/www/html/yii_test/yii/framework/web/CController.php(872): SiteController->renderFile()
#1 /var/www/html/yii_test/yii/framework/web/CController.php(785): SiteController->renderPartial()
#2 /var/www/html/test_yii/protected/controllers/SiteController.php(59): SiteController->render()
#3 unknown(0): SiteController->actionView()
#4 /var/www/html/yii_test/yii/framework/web/actions/CAction.php(109): ReflectionMethod->invokeArgs()
#5 /var/www/html/yii_test/yii/framework/web/actions/CInlineAction.php(47): CInlineAction->runWithParamsInternal()
#6 /var/www/html/yii_test/yii/framework/web/CController.php(308): CInlineAction->runWithParams()
#7 /var/www/html/yii_test/yii/framework/web/CController.php(286): SiteController->runAction()
#8 /var/www/html/yii_test/yii/framework/web/CController.php(265): SiteController->runActionWithFilters()
#9 /var/www/html/yii_test/yii/framework/web/CWebApplication.php(282): SiteController->run()
#10 /var/www/html/yii_test/yii/framework/web/CWebApplication.php(141): CWebApplication->runController()
#11 /var/www/html/yii_test/yii/framework/base/CApplication.php(185): CWebApplication->processRequest()
#12 /var/www/html/test_yii/index.php(13): CWebApplication->run()
REQUEST_URI=/test_yii/index.php?r=site/view&id=1
in /var/www/html/test_yii/protected/views/site/view.php (7)
in /var/www/html/test_yii/protected/controllers/SiteController.php (59)
in /var/www/html/test_yii/index.php (13)
2019/01/27 16:59:32 [error] [php] Undefined variable: model (/var/www/html/test_yii/protected/views/site/view.php:19)
Stack trace:
#0 /var/www/html/yii_test/yii/framework/web/CController.php(872): SiteController->renderFile()
#1 /var/www/html/yii_test/yii/framework/web/CController.php(785): SiteController->renderPartial()
#2 /var/www/html/test_yii/protected/controllers/SiteController.php(59): SiteController->render()
#3 unknown(0): SiteController->actionView()
#4 /var/www/html/yii_test/yii/framework/web/actions/CAction.php(109): ReflectionMethod->invokeArgs()
#5 /var/www/html/yii_test/yii/framework/web/actions/CInlineAction.php(47): CInlineAction->runWithParamsInternal()
#6 /var/www/html/yii_test/yii/framework/web/CController.php(308): CInlineAction->runWithParams()
#7 /var/www/html/yii_test/yii/framework/web/CController.php(286): SiteController->runAction()
#8 /var/www/html/yii_test/yii/framework/web/CController.php(265): SiteController->runActionWithFilters()
#9 /var/www/html/yii_test/yii/framework/web/CWebApplication.php(282): SiteController->run()
#10 /var/www/html/yii_test/yii/framework/web/CWebApplication.php(141): CWebApplication->runController()
#11 /var/www/html/yii_test/yii/framework/base/CApplication.php(185): CWebApplication->processRequest()
#12 /var/www/html/test_yii/index.php(13): CWebApplication->run()
REQUEST_URI=/test_yii/index.php?r=site/view&id=1
in /var/www/html/test_yii/protected/views/site/view.php (19)
in /var/www/html/test_yii/protected/controllers/SiteController.php (59)
in /var/www/html/test_yii/index.php (13)
2019/01/27 17:59:50 [error] [php] Trying to get property 'passport_number' of non-object (/var/www/html/test_yii/protected/controllers/SiteController.php:37)
Stack trace:
#0 /var/www/html/yii_test/yii/framework/web/CController.php(286): SiteController->runAction()
#1 /var/www/html/yii_test/yii/framework/web/CController.php(265): SiteController->runActionWithFilters()
#2 /var/www/html/yii_test/yii/framework/web/CWebApplication.php(282): SiteController->run()
#3 /var/www/html/yii_test/yii/framework/web/CWebApplication.php(141): CWebApplication->runController()
#4 /var/www/html/yii_test/yii/framework/base/CApplication.php(185): CWebApplication->processRequest()
#5 /var/www/html/test_yii/index.php(13): CWebApplication->run()
REQUEST_URI=/test_yii/index.php?r=site/index
in /var/www/html/test_yii/protected/controllers/SiteController.php (37)
in /var/www/html/test_yii/index.php (13)
2019/01/27 18:03:01 [error] [php] Undefined index: passport_number (/var/www/html/test_yii/protected/controllers/SiteController.php:37)
Stack trace:
#0 /var/www/html/yii_test/yii/framework/web/CController.php(286): SiteController->runAction()
#1 /var/www/html/yii_test/yii/framework/web/CController.php(265): SiteController->runActionWithFilters()
#2 /var/www/html/yii_test/yii/framework/web/CWebApplication.php(282): SiteController->run()
#3 /var/www/html/yii_test/yii/framework/web/CWebApplication.php(141): CWebApplication->runController()
#4 /var/www/html/yii_test/yii/framework/base/CApplication.php(185): CWebApplication->processRequest()
#5 /var/www/html/test_yii/index.php(13): CWebApplication->run()
REQUEST_URI=/test_yii/index.php?r=site/index
in /var/www/html/test_yii/protected/controllers/SiteController.php (37)
in /var/www/html/test_yii/index.php (13)
2019/01/27 18:03:35 [error] [php] Indirect modification of overloaded property Users::$attributes has no effect (/var/www/html/test_yii/protected/controllers/SiteController.php:37)
Stack trace:
#0 /var/www/html/yii_test/yii/framework/web/CController.php(286): SiteController->runAction()
#1 /var/www/html/yii_test/yii/framework/web/CController.php(265): SiteController->runActionWithFilters()
#2 /var/www/html/yii_test/yii/framework/web/CWebApplication.php(282): SiteController->run()
#3 /var/www/html/yii_test/yii/framework/web/CWebApplication.php(141): CWebApplication->runController()
#4 /var/www/html/yii_test/yii/framework/base/CApplication.php(185): CWebApplication->processRequest()
#5 /var/www/html/test_yii/index.php(13): CWebApplication->run()
REQUEST_URI=/test_yii/index.php?r=site/index
in /var/www/html/test_yii/protected/controllers/SiteController.php (37)
in /var/www/html/test_yii/index.php (13)
2019/01/27 18:51:20 [error] [exception.CHttpException.404] CHttpException:       "data". in /var/www/html/yii_test/yii/framework/web/CController.php:486
Stack trace:
#0 /var/www/html/yii_test/yii/framework/web/CController.php(270): CController->missingAction('data')
#1 /var/www/html/yii_test/yii/framework/web/CWebApplication.php(282): CController->run('data')
#2 /var/www/html/yii_test/yii/framework/web/CWebApplication.php(141): CWebApplication->runController('data/data')
#3 /var/www/html/yii_test/yii/framework/base/CApplication.php(185): CWebApplication->processRequest()
#4 /var/www/html/test_yii/index.php(13): CApplication->run()
#5 {main}
REQUEST_URI=/test_yii/index.php/data/data
---
2019/01/27 18:52:56 [error] [exception.CHttpException.404] CHttpException:    "view/data". in /var/www/html/yii_test/yii/framework/web/CWebApplication.php:286
Stack trace:
#0 /var/www/html/yii_test/yii/framework/web/CWebApplication.php(141): CWebApplication->runController('view/data')
#1 /var/www/html/yii_test/yii/framework/base/CApplication.php(185): CWebApplication->processRequest()
#2 /var/www/html/test_yii/index.php(13): CApplication->run()
#3 {main}
REQUEST_URI=/test_yii/index.php/view/data
---
2019/01/27 18:59:34 [error] [exception.CHttpException.404] CHttpException:       "data". in /var/www/html/yii_test/yii/framework/web/CController.php:486
Stack trace:
#0 /var/www/html/yii_test/yii/framework/web/CController.php(270): CController->missingAction('data')
#1 /var/www/html/yii_test/yii/framework/web/CWebApplication.php(282): CController->run('data')
#2 /var/www/html/yii_test/yii/framework/web/CWebApplication.php(141): CWebApplication->runController('site/data')
#3 /var/www/html/yii_test/yii/framework/base/CApplication.php(185): CWebApplication->processRequest()
#4 /var/www/html/test_yii/index.php(13): CApplication->run()
#5 {main}
REQUEST_URI=/test_yii/index.php/site/data?=
---
2019/01/27 19:07:04 [error] [php] Undefined index: Users (/var/www/html/test_yii/protected/controllers/DataController.php:27)
Stack trace:
#0 /var/www/html/yii_test/yii/framework/web/CController.php(286): DataController->runAction()
#1 /var/www/html/yii_test/yii/framework/web/CController.php(265): DataController->runActionWithFilters()
#2 /var/www/html/yii_test/yii/framework/web/CWebApplication.php(282): DataController->run()
#3 /var/www/html/yii_test/yii/framework/web/CWebApplication.php(141): CWebApplication->runController()
#4 /var/www/html/yii_test/yii/framework/base/CApplication.php(185): CWebApplication->processRequest()
#5 /var/www/html/test_yii/index.php(13): CWebApplication->run()
REQUEST_URI=/test_yii/index.php/data/data?Users=%20[[name]%20=%3E%20%D1%81%D0%B4%D1%84%20[sur_name]%20=%3E%20%D1%81%D0%B4%D1%84%20[middle_name]%20=%3E%20%D1%81%D0%B4%D1%84%20[birth_day]%20=%3E%2005-07-2001%20[passport_number]%20=%3E%20AD456456456%20[email]%20=%3E%20asd@mail.ru%20[phone_number]%20=%3E%20+74654654]
in /var/www/html/test_yii/protected/controllers/DataController.php (27)
in /var/www/html/test_yii/index.php (13)
2019/01/27 19:07:23 [error] [php] Illegal string offset 'passport_number' (/var/www/html/test_yii/protected/controllers/DataController.php:27)
Stack trace:
#0 /var/www/html/yii_test/yii/framework/web/CController.php(286): DataController->runAction()
#1 /var/www/html/yii_test/yii/framework/web/CController.php(265): DataController->runActionWithFilters()
#2 /var/www/html/yii_test/yii/framework/web/CWebApplication.php(282): DataController->run()
#3 /var/www/html/yii_test/yii/framework/web/CWebApplication.php(141): CWebApplication->runController()
#4 /var/www/html/yii_test/yii/framework/base/CApplication.php(185): CWebApplication->processRequest()
#5 /var/www/html/test_yii/index.php(13): CWebApplication->run()
REQUEST_URI=/test_yii/index.php/data/data?Users=%20[[name]%20=%3E%20%D1%81%D0%B4%D1%84%20[sur_name]%20=%3E%20%D1%81%D0%B4%D1%84%20[middle_name]%20=%3E%20%D1%81%D0%B4%D1%84%20[birth_day]%20=%3E%2005-07-2001%20[passport_number]%20=%3E%20AD456456456%20[email]%20=%3E%20asd@mail.ru%20[phone_number]%20=%3E%20+74654654]
in /var/www/html/test_yii/protected/controllers/DataController.php (27)
in /var/www/html/test_yii/index.php (13)
2019/01/27 19:08:23 [error] [php] Illegal string offset 'passport_number' (/var/www/html/test_yii/protected/controllers/DataController.php:27)
Stack trace:
#0 /var/www/html/yii_test/yii/framework/web/CController.php(286): DataController->runAction()
#1 /var/www/html/yii_test/yii/framework/web/CController.php(265): DataController->runActionWithFilters()
#2 /var/www/html/yii_test/yii/framework/web/CWebApplication.php(282): DataController->run()
#3 /var/www/html/yii_test/yii/framework/web/CWebApplication.php(141): CWebApplication->runController()
#4 /var/www/html/yii_test/yii/framework/base/CApplication.php(185): CWebApplication->processRequest()
#5 /var/www/html/test_yii/index.php(13): CWebApplication->run()
REQUEST_URI=/test_yii/index.php/data/data?Users=%20[[name]%20=%3E%20%D1%81%D0%B4%D1%84%20[sur_name]%20=%3E%20%D1%81%D0%B4%D1%84%20[middle_name]%20=%3E%20%D1%81%D0%B4%D1%84%20[birth_day]%20=%3E%2005-07-2001%20[passport_number]%20=%3E%20AD456456456%20[email]%20=%3E%20asd@mail.ru%20[phone_number]%20=%3E%20+74654654]
in /var/www/html/test_yii/protected/controllers/DataController.php (27)
in /var/www/html/test_yii/index.php (13)
2019/01/27 19:13:24 [error] [php] Illegal string offset 'name' (/var/www/html/test_yii/protected/controllers/DataController.php:28)
Stack trace:
#0 /var/www/html/yii_test/yii/framework/web/CController.php(286): DataController->runAction()
#1 /var/www/html/yii_test/yii/framework/web/CController.php(265): DataController->runActionWithFilters()
#2 /var/www/html/yii_test/yii/framework/web/CWebApplication.php(282): DataController->run()
#3 /var/www/html/yii_test/yii/framework/web/CWebApplication.php(141): CWebApplication->runController()
#4 /var/www/html/yii_test/yii/framework/base/CApplication.php(185): CWebApplication->processRequest()
#5 /var/www/html/test_yii/index.php(13): CWebApplication->run()
REQUEST_URI=/test_yii/index.php/data/data?Users=%20[name=%3E%20%D1%81%D0%B4%D1%84,%20sur_name%20=%3E%20%D1%81%D0%B4%D1%84,%20middle_name%20=%3E%20%D1%81%D0%B4%D1%84,%20birth_day%20=%3E%2005-07-2001,%20passport_number%20=%3E%20AD456456456,%20email%20=%3E%20asd@mail.ru,%20phone_number%20=%3E%20+74654654]
in /var/www/html/test_yii/protected/controllers/DataController.php (28)
in /var/www/html/test_yii/index.php (13)
2019/01/27 19:13:58 [error] [php] Illegal string offset 'name' (/var/www/html/test_yii/protected/controllers/DataController.php:28)
Stack trace:
#0 /var/www/html/yii_test/yii/framework/web/CController.php(286): DataController->runAction()
#1 /var/www/html/yii_test/yii/framework/web/CController.php(265): DataController->runActionWithFilters()
#2 /var/www/html/yii_test/yii/framework/web/CWebApplication.php(282): DataController->run()
#3 /var/www/html/yii_test/yii/framework/web/CWebApplication.php(141): CWebApplication->runController()
#4 /var/www/html/yii_test/yii/framework/base/CApplication.php(185): CWebApplication->processRequest()
#5 /var/www/html/test_yii/index.php(13): CWebApplication->run()
REQUEST_URI=/test_yii/index.php/data/data?Users=%20[name=%3E%20%D1%81%D0%B4%D1%84,%20sur_name%20=%3E%20%D1%81%D0%B4%D1%84,%20middle_name%20=%3E%20%D1%81%D0%B4%D1%84,%20birth_day%20=%3E%2005-07-2001,%20passport_number%20=%3E%20AD456456456,%20email%20=%3E%20asd@mail.ru,%20phone_number%20=%3E%20+74654654]
in /var/www/html/test_yii/protected/controllers/DataController.php (28)
in /var/www/html/test_yii/index.php (13)
2019/01/27 19:57:46 [error] [system.db.CDbCommand] CDbCommand::execute() failed: SQLSTATE[42S02]: Base table or view not found: 1146 Table 'yii_test.tbl_user_agent' doesn't exist. The SQL statement executed was: INSERT INTO `tbl_user_agent` (`username`) VALUES (:username).
2019/01/27 19:57:46 [error] [exception.CDbException] CDbException: CDbCommand failed to execute the SQL statement: SQLSTATE[42S02]: Base table or view not found: 1146 Table 'yii_test.tbl_user_agent' doesn't exist. The SQL statement executed was: INSERT INTO `tbl_user_agent` (`username`) VALUES (:username) in /var/www/html/yii_test/yii/framework/db/CDbCommand.php:358
Stack trace:
#0 /var/www/html/yii_test/yii/framework/db/CDbCommand.php(1278): CDbCommand->execute(Array)
#1 /var/www/html/yii_test/yii/framework/db/CDbMigration.php(178): CDbCommand->insert('tbl_user_agent', Array)
#2 /var/www/html/test_yii/protected/migrations/m190127_155303_create_user_agent_table.php(13): CDbMigration->insert('tbl_user_agent', Array)
#3 /var/www/html/yii_test/yii/framework/cli/commands/MigrateCommand.php(415): m190127_155303_create_user_agent_table->up()
#4 /var/www/html/yii_test/yii/framework/cli/commands/MigrateCommand.php(109): MigrateCommand->migrateUp('m190127_155303_...')
#5 [internal function]: MigrateCommand->actionUp(Array)
#6 /var/www/html/yii_test/yii/framework/console/CConsoleCommand.php(172): ReflectionMethod->invokeArgs(Object(MigrateCommand), Array)
#7 /var/www/html/yii_test/yii/framework/console/CConsoleCommandRunner.php(71): CConsoleCommand->run(Array)
#8 /var/www/html/yii_test/yii/framework/console/CConsoleApplication.php(92): CConsoleCommandRunner->run(Array)
#9 /var/www/html/yii_test/yii/framework/base/CApplication.php(185): CConsoleApplication->processRequest()
#10 /var/www/html/yii_test/yii/framework/yiic.php(33): CApplication->run()
#11 /var/www/html/test_yii/protected/yiic.php(7): require_once('/var/www/html/y...')
#12 /var/www/html/test_yii/protected/yiic(4): require_once('/var/www/html/t...')
#13 {main}
---
2019/01/27 19:58:45 [error] [system.db.CDbCommand] CDbCommand::execute() failed: SQLSTATE[42S01]: Base table or view already exists: 1050 Table 'user_agent' already exists. The SQL statement executed was: CREATE TABLE `user_agent` (
	`id` int(11) NOT NULL AUTO_INCREMENT PRIMARY KEY,
	`name` varchar(255)
) CHARACTER SET utf8 COLLATE utf8_unicode_ci ENGINE=InnoDB.
2019/01/27 19:58:45 [error] [exception.CDbException] CDbException: CDbCommand failed to execute the SQL statement: SQLSTATE[42S01]: Base table or view already exists: 1050 Table 'user_agent' already exists. The SQL statement executed was: CREATE TABLE `user_agent` (
	`id` int(11) NOT NULL AUTO_INCREMENT PRIMARY KEY,
	`name` varchar(255)
) CHARACTER SET utf8 COLLATE utf8_unicode_ci ENGINE=InnoDB in /var/www/html/yii_test/yii/framework/db/CDbCommand.php:358
Stack trace:
#0 /var/www/html/yii_test/yii/framework/db/CDbCommand.php(1352): CDbCommand->execute()
#1 /var/www/html/yii_test/yii/framework/db/CDbMigration.php(250): CDbCommand->createTable('user_agent', Array, 'CHARACTER SET u...')
#2 /var/www/html/test_yii/protected/migrations/m190127_155303_create_user_agent_table.php(10): CDbMigration->createTable('user_agent', Array, 'CHARACTER SET u...')
#3 /var/www/html/yii_test/yii/framework/cli/commands/MigrateCommand.php(415): m190127_155303_create_user_agent_table->up()
#4 /var/www/html/yii_test/yii/framework/cli/commands/MigrateCommand.php(109): MigrateCommand->migrateUp('m190127_155303_...')
#5 [internal function]: MigrateCommand->actionUp(Array)
#6 /var/www/html/yii_test/yii/framework/console/CConsoleCommand.php(172): ReflectionMethod->invokeArgs(Object(MigrateCommand), Array)
#7 /var/www/html/yii_test/yii/framework/console/CConsoleCommandRunner.php(71): CConsoleCommand->run(Array)
#8 /var/www/html/yii_test/yii/framework/console/CConsoleApplication.php(92): CConsoleCommandRunner->run(Array)
#9 /var/www/html/yii_test/yii/framework/base/CApplication.php(185): CConsoleApplication->processRequest()
#10 /var/www/html/yii_test/yii/framework/yiic.php(33): CApplication->run()
#11 /var/www/html/test_yii/protected/yiic.php(7): require_once('/var/www/html/y...')
#12 /var/www/html/test_yii/protected/yiic(4): require_once('/var/www/html/t...')
#13 {main}
---
2019/01/27 19:59:40 [error] [system.db.CDbCommand] CDbCommand::fetchAll() failed: SQLSTATE[42S02]: Base table or view not found: 1146 Table 'yii_test.tbl_migration' doesn't exist. The SQL statement executed was: SHOW FULL COLUMNS FROM `tbl_migration`.
2019/01/27 19:59:43 [error] [system.db.CDbCommand] CDbCommand::execute() failed: SQLSTATE[42S02]: Base table or view not found: 1146 Table 'yii_test.tbl_user_agent' doesn't exist. The SQL statement executed was: INSERT INTO `tbl_user_agent` (`username`) VALUES (:username).
2019/01/27 19:59:43 [error] [exception.CDbException] CDbException: CDbCommand failed to execute the SQL statement: SQLSTATE[42S02]: Base table or view not found: 1146 Table 'yii_test.tbl_user_agent' doesn't exist. The SQL statement executed was: INSERT INTO `tbl_user_agent` (`username`) VALUES (:username) in /var/www/html/yii_test/yii/framework/db/CDbCommand.php:358
Stack trace:
#0 /var/www/html/yii_test/yii/framework/db/CDbCommand.php(1278): CDbCommand->execute(Array)
#1 /var/www/html/yii_test/yii/framework/db/CDbMigration.php(178): CDbCommand->insert('tbl_user_agent', Array)
#2 /var/www/html/test_yii/protected/migrations/m190127_155822_insert_user_agent_table.php(8): CDbMigration->insert('tbl_user_agent', Array)
#3 /var/www/html/yii_test/yii/framework/cli/commands/MigrateCommand.php(415): m190127_155822_insert_user_agent_table->up()
#4 /var/www/html/yii_test/yii/framework/cli/commands/MigrateCommand.php(109): MigrateCommand->migrateUp('m190127_155822_...')
#5 [internal function]: MigrateCommand->actionUp(Array)
#6 /var/www/html/yii_test/yii/framework/console/CConsoleCommand.php(172): ReflectionMethod->invokeArgs(Object(MigrateCommand), Array)
#7 /var/www/html/yii_test/yii/framework/console/CConsoleCommandRunner.php(71): CConsoleCommand->run(Array)
#8 /var/www/html/yii_test/yii/framework/console/CConsoleApplication.php(92): CConsoleCommandRunner->run(Array)
#9 /var/www/html/yii_test/yii/framework/base/CApplication.php(185): CConsoleApplication->processRequest()
#10 /var/www/html/yii_test/yii/framework/yiic.php(33): CApplication->run()
#11 /var/www/html/test_yii/protected/yiic.php(7): require_once('/var/www/html/y...')
#12 /var/www/html/test_yii/protected/yiic(4): require_once('/var/www/html/t...')
#13 {main}
---
2019/01/27 20:00:49 [error] [system.db.CDbCommand] CDbCommand::execute() failed: SQLSTATE[42S22]: Column not found: 1054 Unknown column 'username' in 'field list'. The SQL statement executed was: INSERT INTO `user_agent` (`username`) VALUES (:username).
2019/01/27 20:00:49 [error] [exception.CDbException] CDbException: CDbCommand failed to execute the SQL statement: SQLSTATE[42S22]: Column not found: 1054 Unknown column 'username' in 'field list'. The SQL statement executed was: INSERT INTO `user_agent` (`username`) VALUES (:username) in /var/www/html/yii_test/yii/framework/db/CDbCommand.php:358
Stack trace:
#0 /var/www/html/yii_test/yii/framework/db/CDbCommand.php(1278): CDbCommand->execute(Array)
#1 /var/www/html/yii_test/yii/framework/db/CDbMigration.php(178): CDbCommand->insert('user_agent', Array)
#2 /var/www/html/test_yii/protected/migrations/m190127_155822_insert_user_agent_table.php(8): CDbMigration->insert('user_agent', Array)
#3 /var/www/html/yii_test/yii/framework/cli/commands/MigrateCommand.php(415): m190127_155822_insert_user_agent_table->up()
#4 /var/www/html/yii_test/yii/framework/cli/commands/MigrateCommand.php(109): MigrateCommand->migrateUp('m190127_155822_...')
#5 [internal function]: MigrateCommand->actionUp(Array)
#6 /var/www/html/yii_test/yii/framework/console/CConsoleCommand.php(172): ReflectionMethod->invokeArgs(Object(MigrateCommand), Array)
#7 /var/www/html/yii_test/yii/framework/console/CConsoleCommandRunner.php(71): CConsoleCommand->run(Array)
#8 /var/www/html/yii_test/yii/framework/console/CConsoleApplication.php(92): CConsoleCommandRunner->run(Array)
#9 /var/www/html/yii_test/yii/framework/base/CApplication.php(185): CConsoleApplication->processRequest()
#10 /var/www/html/yii_test/yii/framework/yiic.php(33): CApplication->run()
#11 /var/www/html/test_yii/protected/yiic.php(7): require_once('/var/www/html/y...')
#12 /var/www/html/test_yii/protected/yiic(4): require_once('/var/www/html/t...')
#13 {main}
---
2019/01/27 20:11:37 [error] [system.db.CDbCommand]    CDbCommand::fetch(): SQLSTATE[42S22]: Column not found: 1054 Unknown column 'username' in 'field list'.  SQL-: SELECT `id`, `username`, `profile`
FROM `user_agent`
WHERE id=:id.
in /var/www/html/test_yii/protected/controllers/SiteController.php (62)
in /var/www/html/test_yii/index.php (13)
2019/01/27 20:11:37 [error] [exception.CDbException] CDbException: CDbCommand    SQL-: SQLSTATE[42S22]: Column not found: 1054 Unknown column 'username' in 'field list'. The SQL statement executed was: SELECT `id`, `username`, `profile`
FROM `user_agent`
WHERE id=:id in /var/www/html/yii_test/yii/framework/db/CDbCommand.php:543
Stack trace:
#0 /var/www/html/yii_test/yii/framework/db/CDbCommand.php(415): CDbCommand->queryInternal('fetch', Array, Array)
#1 /var/www/html/test_yii/protected/controllers/SiteController.php(62): CDbCommand->queryRow()
#2 [internal function]: SiteController->actionView('1')
#3 /var/www/html/yii_test/yii/framework/web/actions/CAction.php(109): ReflectionMethod->invokeArgs(Object(SiteController), Array)
#4 /var/www/html/yii_test/yii/framework/web/actions/CInlineAction.php(47): CAction->runWithParamsInternal(Object(SiteController), Object(ReflectionMethod), Array)
#5 /var/www/html/yii_test/yii/framework/web/CController.php(308): CInlineAction->runWithParams(Array)
#6 /var/www/html/yii_test/yii/framework/web/CController.php(286): CController->runAction(Object(CInlineAction))
#7 /var/www/html/yii_test/yii/framework/web/CController.php(265): CController->runActionWithFilters(Object(CInlineAction), Array)
#8 /var/www/html/yii_test/yii/framework/web/CWebApplication.php(282): CController->run('view')
#9 /var/www/html/yii_test/yii/framework/web/CWebApplication.php(141): CWebApplication->runController('site/view/id/1')
#10 /var/www/html/yii_test/yii/framework/base/CApplication.php(185): CWebApplication->processRequest()
#11 /var/www/html/test_yii/index.php(13): CApplication->run()
#12 {main}
REQUEST_URI=/test_yii/index.php/site/view/id/1
HTTP_REFERER=http://localhost/test_yii/
---
2019/01/27 20:11:53 [error] [php] htmlspecialchars() expects parameter 1 to be string, array given (/var/www/html/yii_test/yii/framework/web/helpers/CHtml.php:108)
Stack trace:
#0 /var/www/html/yii_test/yii/framework/utils/CFormatter.php(128): CFormatter->formatText()
#1 /var/www/html/yii_test/yii/framework/zii/widgets/CDetailView.php(220): CFormatter->format()
#2 /var/www/html/yii_test/yii/framework/web/CBaseController.php(182): CDetailView->run()
#3 /var/www/html/test_yii/protected/views/site/view.php(15): SiteController->widget()
#4 /var/www/html/yii_test/yii/framework/web/CBaseController.php(126): require()
#5 /var/www/html/yii_test/yii/framework/web/CBaseController.php(95): SiteController->renderInternal()
#6 /var/www/html/yii_test/yii/framework/web/CController.php(872): SiteController->renderFile()
#7 /var/www/html/yii_test/yii/framework/web/CController.php(785): SiteController->renderPartial()
#8 /var/www/html/test_yii/protected/controllers/SiteController.php(67): SiteController->render()
#9 unknown(0): SiteController->actionView()
#10 /var/www/html/yii_test/yii/framework/web/actions/CAction.php(109): ReflectionMethod->invokeArgs()
#11 /var/www/html/yii_test/yii/framework/web/actions/CInlineAction.php(47): CInlineAction->runWithParamsInternal()
#12 /var/www/html/yii_test/yii/framework/web/CController.php(308): CInlineAction->runWithParams()
#13 /var/www/html/yii_test/yii/framework/web/CController.php(286): SiteController->runAction()
#14 /var/www/html/yii_test/yii/framework/web/CController.php(265): SiteController->runActionWithFilters()
#15 /var/www/html/yii_test/yii/framework/web/CWebApplication.php(282): SiteController->run()
#16 /var/www/html/yii_test/yii/framework/web/CWebApplication.php(141): CWebApplication->runController()
#17 /var/www/html/yii_test/yii/framework/base/CApplication.php(185): CWebApplication->processRequest()
#18 /var/www/html/test_yii/index.php(13): CWebApplication->run()
REQUEST_URI=/test_yii/index.php/site/view/id/1
in /var/www/html/test_yii/protected/views/site/view.php (15)
in /var/www/html/test_yii/protected/controllers/SiteController.php (67)
in /var/www/html/test_yii/index.php (13)
2019/01/27 20:13:45 [error] [exception.ParseError] ParseError: syntax error, unexpected 'app' (T_STRING), expecting variable (T_VARIABLE) or '$' in /var/www/html/test_yii/protected/controllers/SiteController.php:55
Stack trace:
#0 /var/www/html/yii_test/yii/framework/web/CWebApplication.php(276): CWebApplication->createController('view/id/1/')
#1 /var/www/html/yii_test/yii/framework/web/CWebApplication.php(141): CWebApplication->runController('site/view/id/1')
#2 /var/www/html/yii_test/yii/framework/base/CApplication.php(185): CWebApplication->processRequest()
#3 /var/www/html/test_yii/index.php(13): CApplication->run()
#4 {main}
REQUEST_URI=/test_yii/index.php/site/view/id/1
HTTP_REFERER=http://localhost/test_yii/
---
